[2.333s] Invoking command in '/home/rasp/Ê°åÈù¢/smart-cane/build/ydlidar_ros2_driver': CMAKE_PREFIX_PATH=${CMAKE_PREFIX_PATH}:/home/rasp/Ê°åÈù¢/smart-cane/install/pkg_helloworld_py:/opt/ros/humble /usr/bin/cmake --build /home/rasp/Ê°åÈù¢/smart-cane/build/ydlidar_ros2_driver -- -j4 -l4
[2.739s] [35m[1mConsolidate compiler generated dependencies of target ydlidar_ros2_driver_node[0m
[2.797s] [35m[1mConsolidate compiler generated dependencies of target ydlidar_ros2_driver_client[0m
[2.932s] [ 25%] [32mBuilding CXX object CMakeFiles/ydlidar_ros2_driver_node.dir/src/ydlidar_ros2_driver_node.cpp.o[0m
[3.035s] [ 75%] Built target ydlidar_ros2_driver_client
[27.279s] [01m[K/home/rasp/Ê°åÈù¢/smart-cane/src/ydlidar_ros2_driver-master/src/ydlidar_ros2_driver_node.cpp:[m[K In function ‚Äò[01m[Kint main(int, char**)[m[K‚Äô:
[27.282s] [01m[K/home/rasp/Ê°åÈù¢/smart-cane/src/ydlidar_ros2_driver-master/src/ydlidar_ros2_driver_node.cpp:44:26:[m[K [01;31m[Kerror: [m[Kno matching function for call to ‚Äò[01m[Krclcpp::Node::declare_parameter(const char [5])[m[K‚Äô
[27.285s]    44 |   [01;31m[Knode->declare_parameter("port")[m[K;
[27.289s]       |   [01;31m[K~~~~~~~~~~~~~~~~~~~~~~~^~~~~~~~[m[K
[27.308s] In file included from [01m[K/opt/ros/humble/include/rclcpp/rclcpp/executors/single_threaded_executor.hpp:28[m[K,
[27.315s]                  from [01m[K/opt/ros/humble/include/rclcpp/rclcpp/executors.hpp:22[m[K,
[27.317s]                  from [01m[K/opt/ros/humble/include/rclcpp/rclcpp/rclcpp.hpp:155[m[K,
[27.318s]                  from [01m[K/home/rasp/Ê°åÈù¢/smart-cane/src/ydlidar_ros2_driver-master/src/ydlidar_ros2_driver_node.cpp:23[m[K:
[27.319s] [01m[K/opt/ros/humble/include/rclcpp/rclcpp/node.hpp:421:3:[m[K [01;36m[Knote: [m[Kcandidate: ‚Äò[01m[Ktemplate<class ParameterT> auto rclcpp::Node::declare_parameter(const string&, const ParameterT&, const ParameterDescriptor&, bool)[m[K‚Äô
[27.332s]   421 |   [01;36m[Kdeclare_parameter[m[K(
[27.341s]       |   [01;36m[K^~~~~~~~~~~~~~~~~[m[K
[27.347s] [01m[K/opt/ros/humble/include/rclcpp/rclcpp/node.hpp:421:3:[m[K [01;36m[Knote: [m[K  template argument deduction/substitution failed:
[27.353s] [01m[K/home/rasp/Ê°åÈù¢/smart-cane/src/ydlidar_ros2_driver-master/src/ydlidar_ros2_driver_node.cpp:44:26:[m[K [01;36m[Knote: [m[K  candidate expects 4 arguments, 1 provided
[27.356s]    44 |   [01;36m[Knode->declare_parameter("port")[m[K;
[27.359s]       |   [01;36m[K~~~~~~~~~~~~~~~~~~~~~~~^~~~~~~~[m[K
[27.367s] In file included from [01m[K/opt/ros/humble/include/rclcpp/rclcpp/executors/single_threaded_executor.hpp:28[m[K,
[27.372s]                  from [01m[K/opt/ros/humble/include/rclcpp/rclcpp/executors.hpp:22[m[K,
[27.379s]                  from [01m[K/opt/ros/humble/include/rclcpp/rclcpp/rclcpp.hpp:155[m[K,
[27.386s]                  from [01m[K/home/rasp/Ê°åÈù¢/smart-cane/src/ydlidar_ros2_driver-master/src/ydlidar_ros2_driver_node.cpp:23[m[K:
[27.393s] [01m[K/opt/ros/humble/include/rclcpp/rclcpp/node.hpp:434:3:[m[K [01;36m[Knote: [m[Kcandidate: ‚Äò[01m[Ktemplate<class ParameterT> auto rclcpp::Node::declare_parameter(const string&, const ParameterDescriptor&, bool)[m[K‚Äô
[27.397s]   434 |   [01;36m[Kdeclare_parameter[m[K(
[27.401s]       |   [01;36m[K^~~~~~~~~~~~~~~~~[m[K
[27.412s] [01m[K/opt/ros/humble/include/rclcpp/rclcpp/node.hpp:434:3:[m[K [01;36m[Knote: [m[K  template argument deduction/substitution failed:
[27.418s] [01m[K/home/rasp/Ê°åÈù¢/smart-cane/src/ydlidar_ros2_driver-master/src/ydlidar_ros2_driver_node.cpp:44:26:[m[K [01;36m[Knote: [m[K  couldn‚Äôt deduce template parameter ‚Äò[01m[KParameterT[m[K‚Äô
[27.420s]    44 |   [01;36m[Knode->declare_parameter("port")[m[K;
[27.423s]       |   [01;36m[K~~~~~~~~~~~~~~~~~~~~~~~^~~~~~~~[m[K
[27.428s] In file included from [01m[K/opt/ros/humble/include/rclcpp/rclcpp/executors/single_threaded_executor.hpp:28[m[K,
[27.429s]                  from [01m[K/opt/ros/humble/include/rclcpp/rclcpp/executors.hpp:22[m[K,
[27.430s]                  from [01m[K/opt/ros/humble/include/rclcpp/rclcpp/rclcpp.hpp:155[m[K,
[27.431s]                  from [01m[K/home/rasp/Ê°åÈù¢/smart-cane/src/ydlidar_ros2_driver-master/src/ydlidar_ros2_driver_node.cpp:23[m[K:
[27.432s] [01m[K/opt/ros/humble/include/rclcpp/rclcpp/node.hpp:366:3:[m[K [01;36m[Knote: [m[Kcandidate: ‚Äò[01m[Kconst rclcpp::ParameterValue& rclcpp::Node::declare_parameter(const string&, const rclcpp::ParameterValue&, const ParameterDescriptor&, bool)[m[K‚Äô
[27.432s]   366 |   [01;36m[Kdeclare_parameter[m[K(
[27.433s]       |   [01;36m[K^~~~~~~~~~~~~~~~~[m[K
[27.434s] [01m[K/opt/ros/humble/include/rclcpp/rclcpp/node.hpp:366:3:[m[K [01;36m[Knote: [m[K  candidate expects 4 arguments, 1 provided
[27.435s] [01m[K/opt/ros/humble/include/rclcpp/rclcpp/node.hpp:391:3:[m[K [01;36m[Knote: [m[Kcandidate: ‚Äò[01m[Kconst rclcpp::ParameterValue& rclcpp::Node::declare_parameter(const string&, rclcpp::ParameterType, const ParameterDescriptor&, bool)[m[K‚Äô
[27.435s]   391 |   [01;36m[Kdeclare_parameter[m[K(
[27.436s]       |   [01;36m[K^~~~~~~~~~~~~~~~~[m[K
[27.437s] [01m[K/opt/ros/humble/include/rclcpp/rclcpp/node.hpp:391:3:[m[K [01;36m[Knote: [m[K  candidate expects 4 arguments, 1 provided
[27.437s] [01m[K/home/rasp/Ê°åÈù¢/smart-cane/src/ydlidar_ros2_driver-master/src/ydlidar_ros2_driver_node.cpp:51:26:[m[K [01;31m[Kerror: [m[Kno matching function for call to ‚Äò[01m[Krclcpp::Node::declare_parameter(const char [13])[m[K‚Äô
[27.438s]    51 |   [01;31m[Knode->declare_parameter("ignore_array")[m[K;
[27.441s]       |   [01;31m[K~~~~~~~~~~~~~~~~~~~~~~~^~~~~~~~~~~~~~~~[m[K
[27.443s] In file included from [01m[K/opt/ros/humble/include/rclcpp/rclcpp/executors/single_threaded_executor.hpp:28[m[K,
[27.444s]                  from [01m[K/opt/ros/humble/include/rclcpp/rclcpp/executors.hpp:22[m[K,
[27.444s]                  from [01m[K/opt/ros/humble/include/rclcpp/rclcpp/rclcpp.hpp:155[m[K,
[27.446s]                  from [01m[K/home/rasp/Ê°åÈù¢/smart-cane/src/ydlidar_ros2_driver-master/src/ydlidar_ros2_driver_node.cpp:23[m[K:
[27.447s] [01m[K/opt/ros/humble/include/rclcpp/rclcpp/node.hpp:421:3:[m[K [01;36m[Knote: [m[Kcandidate: ‚Äò[01m[Ktemplate<class ParameterT> auto rclcpp::Node::declare_parameter(const string&, const ParameterT&, const ParameterDescriptor&, bool)[m[K‚Äô
[27.448s]   421 |   [01;36m[Kdeclare_parameter[m[K(
[27.449s]       |   [01;36m[K^~~~~~~~~~~~~~~~~[m[K
[27.449s] [01m[K/opt/ros/humble/include/rclcpp/rclcpp/node.hpp:421:3:[m[K [01;36m[Knote: [m[K  template argument deduction/substitution failed:
[27.450s] [01m[K/home/rasp/Ê°åÈù¢/smart-cane/src/ydlidar_ros2_driver-master/src/ydlidar_ros2_driver_node.cpp:51:26:[m[K [01;36m[Knote: [m[K  candidate expects 4 arguments, 1 provided
[27.451s]    51 |   [01;36m[Knode->declare_parameter("ignore_array")[m[K;
[27.452s]       |   [01;36m[K~~~~~~~~~~~~~~~~~~~~~~~^~~~~~~~~~~~~~~~[m[K
[27.453s] In file included from [01m[K/opt/ros/humble/include/rclcpp/rclcpp/executors/single_threaded_executor.hpp:28[m[K,
[27.453s]                  from [01m[K/opt/ros/humble/include/rclcpp/rclcpp/executors.hpp:22[m[K,
[27.454s]                  from [01m[K/opt/ros/humble/include/rclcpp/rclcpp/rclcpp.hpp:155[m[K,
[27.458s]                  from [01m[K/home/rasp/Ê°åÈù¢/smart-cane/src/ydlidar_ros2_driver-master/src/ydlidar_ros2_driver_node.cpp:23[m[K:
[27.459s] [01m[K/opt/ros/humble/include/rclcpp/rclcpp/node.hpp:434:3:[m[K [01;36m[Knote: [m[Kcandidate: ‚Äò[01m[Ktemplate<class ParameterT> auto rclcpp::Node::declare_parameter(const string&, const ParameterDescriptor&, bool)[m[K‚Äô
[27.460s]   434 |   [01;36m[Kdeclare_parameter[m[K(
[27.460s]       |   [01;36m[K^~~~~~~~~~~~~~~~~[m[K
[27.461s] [01m[K/opt/ros/humble/include/rclcpp/rclcpp/node.hpp:434:3:[m[K [01;36m[Knote: [m[K  template argument deduction/substitution failed:
[27.462s] [01m[K/home/rasp/Ê°åÈù¢/smart-cane/src/ydlidar_ros2_driver-master/src/ydlidar_ros2_driver_node.cpp:51:26:[m[K [01;36m[Knote: [m[K  couldn‚Äôt deduce template parameter ‚Äò[01m[KParameterT[m[K‚Äô
[27.463s]    51 |   [01;36m[Knode->declare_parameter("ignore_array")[m[K;
[27.464s]       |   [01;36m[K~~~~~~~~~~~~~~~~~~~~~~~^~~~~~~~~~~~~~~~[m[K
[27.464s] In file included from [01m[K/opt/ros/humble/include/rclcpp/rclcpp/executors/single_threaded_executor.hpp:28[m[K,
[27.467s]                  from [01m[K/opt/ros/humble/include/rclcpp/rclcpp/executors.hpp:22[m[K,
[27.468s]                  from [01m[K/opt/ros/humble/include/rclcpp/rclcpp/rclcpp.hpp:155[m[K,
[27.470s]                  from [01m[K/home/rasp/Ê°åÈù¢/smart-cane/src/ydlidar_ros2_driver-master/src/ydlidar_ros2_driver_node.cpp:23[m[K:
[27.472s] [01m[K/opt/ros/humble/include/rclcpp/rclcpp/node.hpp:366:3:[m[K [01;36m[Knote: [m[Kcandidate: ‚Äò[01m[Kconst rclcpp::ParameterValue& rclcpp::Node::declare_parameter(const string&, const rclcpp::ParameterValue&, const ParameterDescriptor&, bool)[m[K‚Äô
[27.473s]   366 |   [01;36m[Kdeclare_parameter[m[K(
[27.481s]       |   [01;36m[K^~~~~~~~~~~~~~~~~[m[K
[27.483s] [01m[K/opt/ros/humble/include/rclcpp/rclcpp/node.hpp:366:3:[m[K [01;36m[Knote: [m[K  candidate expects 4 arguments, 1 provided
[27.484s] [01m[K/opt/ros/humble/include/rclcpp/rclcpp/node.hpp:391:3:[m[K [01;36m[Knote: [m[Kcandidate: ‚Äò[01m[Kconst rclcpp::ParameterValue& rclcpp::Node::declare_parameter(const string&, rclcpp::ParameterType, const ParameterDescriptor&, bool)[m[K‚Äô
[27.485s]   391 |   [01;36m[Kdeclare_parameter[m[K(
[27.489s]       |   [01;36m[K^~~~~~~~~~~~~~~~~[m[K
[27.490s] [01m[K/opt/ros/humble/include/rclcpp/rclcpp/node.hpp:391:3:[m[K [01;36m[Knote: [m[K  candidate expects 4 arguments, 1 provided
[27.492s] [01m[K/home/rasp/Ê°åÈù¢/smart-cane/src/ydlidar_ros2_driver-master/src/ydlidar_ros2_driver_node.cpp:56:26:[m[K [01;31m[Kerror: [m[Kno matching function for call to ‚Äò[01m[Krclcpp::Node::declare_parameter(const char [9])[m[K‚Äô
[27.493s]    56 |   [01;31m[Knode->declare_parameter("frame_id")[m[K;
[27.497s]       |   [01;31m[K~~~~~~~~~~~~~~~~~~~~~~~^~~~~~~~~~~~[m[K
[27.498s] In file included from [01m[K/opt/ros/humble/include/rclcpp/rclcpp/executors/single_threaded_executor.hpp:28[m[K,
[27.500s]                  from [01m[K/opt/ros/humble/include/rclcpp/rclcpp/executors.hpp:22[m[K,
[27.501s]                  from [01m[K/opt/ros/humble/include/rclcpp/rclcpp/rclcpp.hpp:155[m[K,
[27.502s]                  from [01m[K/home/rasp/Ê°åÈù¢/smart-cane/src/ydlidar_ros2_driver-master/src/ydlidar_ros2_driver_node.cpp:23[m[K:
[27.503s] [01m[K/opt/ros/humble/include/rclcpp/rclcpp/node.hpp:421:3:[m[K [01;36m[Knote: [m[Kcandidate: ‚Äò[01m[Ktemplate<class ParameterT> auto rclcpp::Node::declare_parameter(const string&, const ParameterT&, const ParameterDescriptor&, bool)[m[K‚Äô
[27.504s]   421 |   [01;36m[Kdeclare_parameter[m[K(
[27.506s]       |   [01;36m[K^~~~~~~~~~~~~~~~~[m[K
[27.509s] [01m[K/opt/ros/humble/include/rclcpp/rclcpp/node.hpp:421:3:[m[K [01;36m[Knote: [m[K  template argument deduction/substitution failed:
[27.511s] [01m[K/home/rasp/Ê°åÈù¢/smart-cane/src/ydlidar_ros2_driver-master/src/ydlidar_ros2_driver_node.cpp:56:26:[m[K [01;36m[Knote: [m[K  candidate expects 4 arguments, 1 provided
[27.513s]    56 |   [01;36m[Knode->declare_parameter("frame_id")[m[K;
[27.515s]       |   [01;36m[K~~~~~~~~~~~~~~~~~~~~~~~^~~~~~~~~~~~[m[K
[27.516s] In file included from [01m[K/opt/ros/humble/include/rclcpp/rclcpp/executors/single_threaded_executor.hpp:28[m[K,
[27.523s]                  from [01m[K/opt/ros/humble/include/rclcpp/rclcpp/executors.hpp:22[m[K,
[27.524s]                  from [01m[K/opt/ros/humble/include/rclcpp/rclcpp/rclcpp.hpp:155[m[K,
[27.525s]                  from [01m[K/home/rasp/Ê°åÈù¢/smart-cane/src/ydlidar_ros2_driver-master/src/ydlidar_ros2_driver_node.cpp:23[m[K:
[27.526s] [01m[K/opt/ros/humble/include/rclcpp/rclcpp/node.hpp:434:3:[m[K [01;36m[Knote: [m[Kcandidate: ‚Äò[01m[Ktemplate<class ParameterT> auto rclcpp::Node::declare_parameter(const string&, const ParameterDescriptor&, bool)[m[K‚Äô
[27.532s]   434 |   [01;36m[Kdeclare_parameter[m[K(
[27.533s]       |   [01;36m[K^~~~~~~~~~~~~~~~~[m[K
[27.534s] [01m[K/opt/ros/humble/include/rclcpp/rclcpp/node.hpp:434:3:[m[K [01;36m[Knote: [m[K  template argument deduction/substitution failed:
[27.539s] [01m[K/home/rasp/Ê°åÈù¢/smart-cane/src/ydlidar_ros2_driver-master/src/ydlidar_ros2_driver_node.cpp:56:26:[m[K [01;36m[Knote: [m[K  couldn‚Äôt deduce template parameter ‚Äò[01m[KParameterT[m[K‚Äô
[27.539s]    56 |   [01;36m[Knode->declare_parameter("frame_id")[m[K;
[27.540s]       |   [01;36m[K~~~~~~~~~~~~~~~~~~~~~~~^~~~~~~~~~~~[m[K
[27.542s] In file included from [01m[K/opt/ros/humble/include/rclcpp/rclcpp/executors/single_threaded_executor.hpp:28[m[K,
[27.543s]                  from [01m[K/opt/ros/humble/include/rclcpp/rclcpp/executors.hpp:22[m[K,
[27.544s]                  from [01m[K/opt/ros/humble/include/rclcpp/rclcpp/rclcpp.hpp:155[m[K,
[27.547s]                  from [01m[K/home/rasp/Ê°åÈù¢/smart-cane/src/ydlidar_ros2_driver-master/src/ydlidar_ros2_driver_node.cpp:23[m[K:
[27.548s] [01m[K/opt/ros/humble/include/rclcpp/rclcpp/node.hpp:366:3:[m[K [01;36m[Knote: [m[Kcandidate: ‚Äò[01m[Kconst rclcpp::ParameterValue& rclcpp::Node::declare_parameter(const string&, const rclcpp::ParameterValue&, const ParameterDescriptor&, bool)[m[K‚Äô
[27.549s]   366 |   [01;36m[Kdeclare_parameter[m[K(
[27.549s]       |   [01;36m[K^~~~~~~~~~~~~~~~~[m[K
[27.550s] [01m[K/opt/ros/humble/include/rclcpp/rclcpp/node.hpp:366:3:[m[K [01;36m[Knote: [m[K  candidate expects 4 arguments, 1 provided
[27.551s] [01m[K/opt/ros/humble/include/rclcpp/rclcpp/node.hpp:391:3:[m[K [01;36m[Knote: [m[Kcandidate: ‚Äò[01m[Kconst rclcpp::ParameterValue& rclcpp::Node::declare_parameter(const string&, rclcpp::ParameterType, const ParameterDescriptor&, bool)[m[K‚Äô
[27.552s]   391 |   [01;36m[Kdeclare_parameter[m[K(
[27.553s]       |   [01;36m[K^~~~~~~~~~~~~~~~~[m[K
[27.554s] [01m[K/opt/ros/humble/include/rclcpp/rclcpp/node.hpp:391:3:[m[K [01;36m[Knote: [m[K  candidate expects 4 arguments, 1 provided
[27.556s] [01m[K/home/rasp/Ê°åÈù¢/smart-cane/src/ydlidar_ros2_driver-master/src/ydlidar_ros2_driver_node.cpp:62:26:[m[K [01;31m[Kerror: [m[Kno matching function for call to ‚Äò[01m[Krclcpp::Node::declare_parameter(const char [9])[m[K‚Äô
[27.557s]    62 |   [01;31m[Knode->declare_parameter("baudrate")[m[K;
[27.558s]       |   [01;31m[K~~~~~~~~~~~~~~~~~~~~~~~^~~~~~~~~~~~[m[K
[27.559s] In file included from [01m[K/opt/ros/humble/include/rclcpp/rclcpp/executors/single_threaded_executor.hpp:28[m[K,
[27.560s]                  from [01m[K/opt/ros/humble/include/rclcpp/rclcpp/executors.hpp:22[m[K,
[27.562s]                  from [01m[K/opt/ros/humble/include/rclcpp/rclcpp/rclcpp.hpp:155[m[K,
[27.564s]                  from [01m[K/home/rasp/Ê°åÈù¢/smart-cane/src/ydlidar_ros2_driver-master/src/ydlidar_ros2_driver_node.cpp:23[m[K:
[27.566s] [01m[K/opt/ros/humble/include/rclcpp/rclcpp/node.hpp:421:3:[m[K [01;36m[Knote: [m[Kcandidate: ‚Äò[01m[Ktemplate<class ParameterT> auto rclcpp::Node::declare_parameter(const string&, const ParameterT&, const ParameterDescriptor&, bool)[m[K‚Äô
[27.567s]   421 |   [01;36m[Kdeclare_parameter[m[K(
[27.568s]       |   [01;36m[K^~~~~~~~~~~~~~~~~[m[K
[27.568s] [01m[K/opt/ros/humble/include/rclcpp/rclcpp/node.hpp:421:3:[m[K [01;36m[Knote: [m[K  template argument deduction/substitution failed:
[27.569s] [01m[K/home/rasp/Ê°åÈù¢/smart-cane/src/ydlidar_ros2_driver-master/src/ydlidar_ros2_driver_node.cpp:62:26:[m[K [01;36m[Knote: [m[K  candidate expects 4 arguments, 1 provided
[27.570s]    62 |   [01;36m[Knode->declare_parameter("baudrate")[m[K;
[27.570s]       |   [01;36m[K~~~~~~~~~~~~~~~~~~~~~~~^~~~~~~~~~~~[m[K
[27.571s] In file included from [01m[K/opt/ros/humble/include/rclcpp/rclcpp/executors/single_threaded_executor.hpp:28[m[K,
[27.572s]                  from [01m[K/opt/ros/humble/include/rclcpp/rclcpp/executors.hpp:22[m[K,
[27.573s]                  from [01m[K/opt/ros/humble/include/rclcpp/rclcpp/rclcpp.hpp:155[m[K,
[27.575s]                  from [01m[K/home/rasp/Ê°åÈù¢/smart-cane/src/ydlidar_ros2_driver-master/src/ydlidar_ros2_driver_node.cpp:23[m[K:
[27.576s] [01m[K/opt/ros/humble/include/rclcpp/rclcpp/node.hpp:434:3:[m[K [01;36m[Knote: [m[Kcandidate: ‚Äò[01m[Ktemplate<class ParameterT> auto rclcpp::Node::declare_parameter(const string&, const ParameterDescriptor&, bool)[m[K‚Äô
[27.577s]   434 |   [01;36m[Kdeclare_parameter[m[K(
[27.578s]       |   [01;36m[K^~~~~~~~~~~~~~~~~[m[K
[27.580s] [01m[K/opt/ros/humble/include/rclcpp/rclcpp/node.hpp:434:3:[m[K [01;36m[Knote: [m[K  template argument deduction/substitution failed:
[27.582s] [01m[K/home/rasp/Ê°åÈù¢/smart-cane/src/ydlidar_ros2_driver-master/src/ydlidar_ros2_driver_node.cpp:62:26:[m[K [01;36m[Knote: [m[K  couldn‚Äôt deduce template parameter ‚Äò[01m[KParameterT[m[K‚Äô
[27.583s]    62 |   [01;36m[Knode->declare_parameter("baudrate")[m[K;
[27.585s]       |   [01;36m[K~~~~~~~~~~~~~~~~~~~~~~~^~~~~~~~~~~~[m[K
[27.585s] In file included from [01m[K/opt/ros/humble/include/rclcpp/rclcpp/executors/single_threaded_executor.hpp:28[m[K,
[27.587s]                  from [01m[K/opt/ros/humble/include/rclcpp/rclcpp/executors.hpp:22[m[K,
[27.587s]                  from [01m[K/opt/ros/humble/include/rclcpp/rclcpp/rclcpp.hpp:155[m[K,
[27.588s]                  from [01m[K/home/rasp/Ê°åÈù¢/smart-cane/src/ydlidar_ros2_driver-master/src/ydlidar_ros2_driver_node.cpp:23[m[K:
[27.589s] [01m[K/opt/ros/humble/include/rclcpp/rclcpp/node.hpp:366:3:[m[K [01;36m[Knote: [m[Kcandidate: ‚Äò[01m[Kconst rclcpp::ParameterValue& rclcpp::Node::declare_parameter(const string&, const rclcpp::ParameterValue&, const ParameterDescriptor&, bool)[m[K‚Äô
[27.591s]   366 |   [01;36m[Kdeclare_parameter[m[K(
[27.591s]       |   [01;36m[K^~~~~~~~~~~~~~~~~[m[K
[27.592s] [01m[K/opt/ros/humble/include/rclcpp/rclcpp/node.hpp:366:3:[m[K [01;36m[Knote: [m[K  candidate expects 4 arguments, 1 provided
[27.593s] [01m[K/opt/ros/humble/include/rclcpp/rclcpp/node.hpp:391:3:[m[K [01;36m[Knote: [m[Kcandidate: ‚Äò[01m[Kconst rclcpp::ParameterValue& rclcpp::Node::declare_parameter(const string&, rclcpp::ParameterType, const ParameterDescriptor&, bool)[m[K‚Äô
[27.594s]   391 |   [01;36m[Kdeclare_parameter[m[K(
[27.595s]       |   [01;36m[K^~~~~~~~~~~~~~~~~[m[K
[27.596s] [01m[K/opt/ros/humble/include/rclcpp/rclcpp/node.hpp:391:3:[m[K [01;36m[Knote: [m[K  candidate expects 4 arguments, 1 provided
[27.596s] [01m[K/home/rasp/Ê°åÈù¢/smart-cane/src/ydlidar_ros2_driver-master/src/ydlidar_ros2_driver_node.cpp:67:26:[m[K [01;31m[Kerror: [m[Kno matching function for call to ‚Äò[01m[Krclcpp::Node::declare_parameter(const char [11])[m[K‚Äô
[27.597s]    67 |   [01;31m[Knode->declare_parameter("lidar_type")[m[K;
[27.598s]       |   [01;31m[K~~~~~~~~~~~~~~~~~~~~~~~^~~~~~~~~~~~~~[m[K
[27.599s] In file included from [01m[K/opt/ros/humble/include/rclcpp/rclcpp/executors/single_threaded_executor.hpp:28[m[K,
[27.599s]                  from [01m[K/opt/ros/humble/include/rclcpp/rclcpp/executors.hpp:22[m[K,
[27.600s]                  from [01m[K/opt/ros/humble/include/rclcpp/rclcpp/rclcpp.hpp:155[m[K,
[27.601s]                  from [01m[K/home/rasp/Ê°åÈù¢/smart-cane/src/ydlidar_ros2_driver-master/src/ydlidar_ros2_driver_node.cpp:23[m[K:
[27.602s] [01m[K/opt/ros/humble/include/rclcpp/rclcpp/node.hpp:421:3:[m[K [01;36m[Knote: [m[Kcandidate: ‚Äò[01m[Ktemplate<class ParameterT> auto rclcpp::Node::declare_parameter(const string&, const ParameterT&, const ParameterDescriptor&, bool)[m[K‚Äô
[27.602s]   421 |   [01;36m[Kdeclare_parameter[m[K(
[27.603s]       |   [01;36m[K^~~~~~~~~~~~~~~~~[m[K
[27.604s] [01m[K/opt/ros/humble/include/rclcpp/rclcpp/node.hpp:421:3:[m[K [01;36m[Knote: [m[K  template argument deduction/substitution failed:
[27.604s] [01m[K/home/rasp/Ê°åÈù¢/smart-cane/src/ydlidar_ros2_driver-master/src/ydlidar_ros2_driver_node.cpp:67:26:[m[K [01;36m[Knote: [m[K  candidate expects 4 arguments, 1 provided
[27.605s]    67 |   [01;36m[Knode->declare_parameter("lidar_type")[m[K;
[27.606s]       |   [01;36m[K~~~~~~~~~~~~~~~~~~~~~~~^~~~~~~~~~~~~~[m[K
[27.607s] In file included from [01m[K/opt/ros/humble/include/rclcpp/rclcpp/executors/single_threaded_executor.hpp:28[m[K,
[27.608s]                  from [01m[K/opt/ros/humble/include/rclcpp/rclcpp/executors.hpp:22[m[K,
[27.609s]                  from [01m[K/opt/ros/humble/include/rclcpp/rclcpp/rclcpp.hpp:155[m[K,
[27.611s]                  from [01m[K/home/rasp/Ê°åÈù¢/smart-cane/src/ydlidar_ros2_driver-master/src/ydlidar_ros2_driver_node.cpp:23[m[K:
[27.612s] [01m[K/opt/ros/humble/include/rclcpp/rclcpp/node.hpp:434:3:[m[K [01;36m[Knote: [m[Kcandidate: ‚Äò[01m[Ktemplate<class ParameterT> auto rclcpp::Node::declare_parameter(const string&, const ParameterDescriptor&, bool)[m[K‚Äô
[27.613s]   434 |   [01;36m[Kdeclare_parameter[m[K(
[27.617s]       |   [01;36m[K^~~~~~~~~~~~~~~~~[m[K
[27.618s] [01m[K/opt/ros/humble/include/rclcpp/rclcpp/node.hpp:434:3:[m[K [01;36m[Knote: [m[K  template argument deduction/substitution failed:
[27.620s] [01m[K/home/rasp/Ê°åÈù¢/smart-cane/src/ydlidar_ros2_driver-master/src/ydlidar_ros2_driver_node.cpp:67:26:[m[K [01;36m[Knote: [m[K  couldn‚Äôt deduce template parameter ‚Äò[01m[KParameterT[m[K‚Äô
[27.623s]    67 |   [01;36m[Knode->declare_parameter("lidar_type")[m[K;
[27.625s]       |   [01;36m[K~~~~~~~~~~~~~~~~~~~~~~~^~~~~~~~~~~~~~[m[K
[27.625s] In file included from [01m[K/opt/ros/humble/include/rclcpp/rclcpp/executors/single_threaded_executor.hpp:28[m[K,
[27.626s]                  from [01m[K/opt/ros/humble/include/rclcpp/rclcpp/executors.hpp:22[m[K,
[27.627s]                  from [01m[K/opt/ros/humble/include/rclcpp/rclcpp/rclcpp.hpp:155[m[K,
[27.628s]                  from [01m[K/home/rasp/Ê°åÈù¢/smart-cane/src/ydlidar_ros2_driver-master/src/ydlidar_ros2_driver_node.cpp:23[m[K:
[27.628s] [01m[K/opt/ros/humble/include/rclcpp/rclcpp/node.hpp:366:3:[m[K [01;36m[Knote: [m[Kcandidate: ‚Äò[01m[Kconst rclcpp::ParameterValue& rclcpp::Node::declare_parameter(const string&, const rclcpp::ParameterValue&, const ParameterDescriptor&, bool)[m[K‚Äô
[27.629s]   366 |   [01;36m[Kdeclare_parameter[m[K(
[27.629s]       |   [01;36m[K^~~~~~~~~~~~~~~~~[m[K
[27.630s] [01m[K/opt/ros/humble/include/rclcpp/rclcpp/node.hpp:366:3:[m[K [01;36m[Knote: [m[K  candidate expects 4 arguments, 1 provided
[27.631s] [01m[K/opt/ros/humble/include/rclcpp/rclcpp/node.hpp:391:3:[m[K [01;36m[Knote: [m[Kcandidate: ‚Äò[01m[Kconst rclcpp::ParameterValue& rclcpp::Node::declare_parameter(const string&, rclcpp::ParameterType, const ParameterDescriptor&, bool)[m[K‚Äô
[27.632s]   391 |   [01;36m[Kdeclare_parameter[m[K(
[27.633s]       |   [01;36m[K^~~~~~~~~~~~~~~~~[m[K
[27.634s] [01m[K/opt/ros/humble/include/rclcpp/rclcpp/node.hpp:391:3:[m[K [01;36m[Knote: [m[K  candidate expects 4 arguments, 1 provided
[27.636s] [01m[K/home/rasp/Ê°åÈù¢/smart-cane/src/ydlidar_ros2_driver-master/src/ydlidar_ros2_driver_node.cpp:72:26:[m[K [01;31m[Kerror: [m[Kno matching function for call to ‚Äò[01m[Krclcpp::Node::declare_parameter(const char [12])[m[K‚Äô
[27.637s]    72 |   [01;31m[Knode->declare_parameter("device_type")[m[K;
[27.639s]       |   [01;31m[K~~~~~~~~~~~~~~~~~~~~~~~^~~~~~~~~~~~~~~[m[K
[27.640s] In file included from [01m[K/opt/ros/humble/include/rclcpp/rclcpp/executors/single_threaded_executor.hpp:28[m[K,
[27.640s]                  from [01m[K/opt/ros/humble/include/rclcpp/rclcpp/executors.hpp:22[m[K,
[27.641s]                  from [01m[K/opt/ros/humble/include/rclcpp/rclcpp/rclcpp.hpp:155[m[K,
[27.642s]                  from [01m[K/home/rasp/Ê°åÈù¢/smart-cane/src/ydlidar_ros2_driver-master/src/ydlidar_ros2_driver_node.cpp:23[m[K:
[27.642s] [01m[K/opt/ros/humble/include/rclcpp/rclcpp/node.hpp:421:3:[m[K [01;36m[Knote: [m[Kcandidate: ‚Äò[01m[Ktemplate<class ParameterT> auto rclcpp::Node::declare_parameter(const string&, const ParameterT&, const ParameterDescriptor&, bool)[m[K‚Äô
[27.643s]   421 |   [01;36m[Kdeclare_parameter[m[K(
[27.644s]       |   [01;36m[K^~~~~~~~~~~~~~~~~[m[K
[27.644s] [01m[K/opt/ros/humble/include/rclcpp/rclcpp/node.hpp:421:3:[m[K [01;36m[Knote: [m[K  template argument deduction/substitution failed:
[27.645s] [01m[K/home/rasp/Ê°åÈù¢/smart-cane/src/ydlidar_ros2_driver-master/src/ydlidar_ros2_driver_node.cpp:72:26:[m[K [01;36m[Knote: [m[K  candidate expects 4 arguments, 1 provided
[27.645s]    72 |   [01;36m[Knode->declare_parameter("device_type")[m[K;
[27.646s]       |   [01;36m[K~~~~~~~~~~~~~~~~~~~~~~~^~~~~~~~~~~~~~~[m[K
[27.647s] In file included from [01m[K/opt/ros/humble/include/rclcpp/rclcpp/executors/single_threaded_executor.hpp:28[m[K,
[27.648s]                  from [01m[K/opt/ros/humble/include/rclcpp/rclcpp/executors.hpp:22[m[K,
[27.648s]                  from [01m[K/opt/ros/humble/include/rclcpp/rclcpp/rclcpp.hpp:155[m[K,
[27.649s]                  from [01m[K/home/rasp/Ê°åÈù¢/smart-cane/src/ydlidar_ros2_driver-master/src/ydlidar_ros2_driver_node.cpp:23[m[K:
[27.649s] [01m[K/opt/ros/humble/include/rclcpp/rclcpp/node.hpp:434:3:[m[K [01;36m[Knote: [m[Kcandidate: ‚Äò[01m[Ktemplate<class ParameterT> auto rclcpp::Node::declare_parameter(const string&, const ParameterDescriptor&, bool)[m[K‚Äô
[27.650s]   434 |   [01;36m[Kdeclare_parameter[m[K(
[27.651s]       |   [01;36m[K^~~~~~~~~~~~~~~~~[m[K
[27.651s] [01m[K/opt/ros/humble/include/rclcpp/rclcpp/node.hpp:434:3:[m[K [01;36m[Knote: [m[K  template argument deduction/substitution failed:
[27.652s] [01m[K/home/rasp/Ê°åÈù¢/smart-cane/src/ydlidar_ros2_driver-master/src/ydlidar_ros2_driver_node.cpp:72:26:[m[K [01;36m[Knote: [m[K  couldn‚Äôt deduce template parameter ‚Äò[01m[KParameterT[m[K‚Äô
[27.653s]    72 |   [01;36m[Knode->declare_parameter("device_type")[m[K;
[27.653s]       |   [01;36m[K~~~~~~~~~~~~~~~~~~~~~~~^~~~~~~~~~~~~~~[m[K
[27.655s] In file included from [01m[K/opt/ros/humble/include/rclcpp/rclcpp/executors/single_threaded_executor.hpp:28[m[K,
[27.655s]                  from [01m[K/opt/ros/humble/include/rclcpp/rclcpp/executors.hpp:22[m[K,
[27.656s]                  from [01m[K/opt/ros/humble/include/rclcpp/rclcpp/rclcpp.hpp:155[m[K,
[27.657s]                  from [01m[K/home/rasp/Ê°åÈù¢/smart-cane/src/ydlidar_ros2_driver-master/src/ydlidar_ros2_driver_node.cpp:23[m[K:
[27.658s] [01m[K/opt/ros/humble/include/rclcpp/rclcpp/node.hpp:366:3:[m[K [01;36m[Knote: [m[Kcandidate: ‚Äò[01m[Kconst rclcpp::ParameterValue& rclcpp::Node::declare_parameter(const string&, const rclcpp::ParameterValue&, const ParameterDescriptor&, bool)[m[K‚Äô
[27.658s]   366 |   [01;36m[Kdeclare_parameter[m[K(
[27.659s]       |   [01;36m[K^~~~~~~~~~~~~~~~~[m[K
[27.660s] [01m[K/opt/ros/humble/include/rclcpp/rclcpp/node.hpp:366:3:[m[K [01;36m[Knote: [m[K  candidate expects 4 arguments, 1 provided
[27.660s] [01m[K/opt/ros/humble/include/rclcpp/rclcpp/node.hpp:391:3:[m[K [01;36m[Knote: [m[Kcandidate: ‚Äò[01m[Kconst rclcpp::ParameterValue& rclcpp::Node::declare_parameter(const string&, rclcpp::ParameterType, const ParameterDescriptor&, bool)[m[K‚Äô
[27.661s]   391 |   [01;36m[Kdeclare_parameter[m[K(
[27.662s]       |   [01;36m[K^~~~~~~~~~~~~~~~~[m[K
[27.663s] [01m[K/opt/ros/humble/include/rclcpp/rclcpp/node.hpp:391:3:[m[K [01;36m[Knote: [m[K  candidate expects 4 arguments, 1 provided
[27.664s] [01m[K/home/rasp/Ê°åÈù¢/smart-cane/src/ydlidar_ros2_driver-master/src/ydlidar_ros2_driver_node.cpp:77:26:[m[K [01;31m[Kerror: [m[Kno matching function for call to ‚Äò[01m[Krclcpp::Node::declare_parameter(const char [12])[m[K‚Äô
[27.664s]    77 |   [01;31m[Knode->declare_parameter("sample_rate")[m[K;
[27.665s]       |   [01;31m[K~~~~~~~~~~~~~~~~~~~~~~~^~~~~~~~~~~~~~~[m[K
[27.666s] In file included from [01m[K/opt/ros/humble/include/rclcpp/rclcpp/executors/single_threaded_executor.hpp:28[m[K,
[27.667s]                  from [01m[K/opt/ros/humble/include/rclcpp/rclcpp/executors.hpp:22[m[K,
[27.667s]                  from [01m[K/opt/ros/humble/include/rclcpp/rclcpp/rclcpp.hpp:155[m[K,
[27.668s]                  from [01m[K/home/rasp/Ê°åÈù¢/smart-cane/src/ydlidar_ros2_driver-master/src/ydlidar_ros2_driver_node.cpp:23[m[K:
[27.668s] [01m[K/opt/ros/humble/include/rclcpp/rclcpp/node.hpp:421:3:[m[K [01;36m[Knote: [m[Kcandidate: ‚Äò[01m[Ktemplate<class ParameterT> auto rclcpp::Node::declare_parameter(const string&, const ParameterT&, const ParameterDescriptor&, bool)[m[K‚Äô
[27.669s]   421 |   [01;36m[Kdeclare_parameter[m[K(
[27.670s]       |   [01;36m[K^~~~~~~~~~~~~~~~~[m[K
[27.670s] [01m[K/opt/ros/humble/include/rclcpp/rclcpp/node.hpp:421:3:[m[K [01;36m[Knote: [m[K  template argument deduction/substitution failed:
[27.671s] [01m[K/home/rasp/Ê°åÈù¢/smart-cane/src/ydlidar_ros2_driver-master/src/ydlidar_ros2_driver_node.cpp:77:26:[m[K [01;36m[Knote: [m[K  candidate expects 4 arguments, 1 provided
[27.672s]    77 |   [01;36m[Knode->declare_parameter("sample_rate")[m[K;
[27.673s]       |   [01;36m[K~~~~~~~~~~~~~~~~~~~~~~~^~~~~~~~~~~~~~~[m[K
[27.673s] In file included from [01m[K/opt/ros/humble/include/rclcpp/rclcpp/executors/single_threaded_executor.hpp:28[m[K,
[27.674s]                  from [01m[K/opt/ros/humble/include/rclcpp/rclcpp/executors.hpp:22[m[K,
[27.674s]                  from [01m[K/opt/ros/humble/include/rclcpp/rclcpp/rclcpp.hpp:155[m[K,
[27.675s]                  from [01m[K/home/rasp/Ê°åÈù¢/smart-cane/src/ydlidar_ros2_driver-master/src/ydlidar_ros2_driver_node.cpp:23[m[K:
[27.675s] [01m[K/opt/ros/humble/include/rclcpp/rclcpp/node.hpp:434:3:[m[K [01;36m[Knote: [m[Kcandidate: ‚Äò[01m[Ktemplate<class ParameterT> auto rclcpp::Node::declare_parameter(const string&, const ParameterDescriptor&, bool)[m[K‚Äô
[27.676s]   434 |   [01;36m[Kdeclare_parameter[m[K(
[27.677s]       |   [01;36m[K^~~~~~~~~~~~~~~~~[m[K
[27.677s] [01m[K/opt/ros/humble/include/rclcpp/rclcpp/node.hpp:434:3:[m[K [01;36m[Knote: [m[K  template argument deduction/substitution failed:
[27.678s] [01m[K/home/rasp/Ê°åÈù¢/smart-cane/src/ydlidar_ros2_driver-master/src/ydlidar_ros2_driver_node.cpp:77:26:[m[K [01;36m[Knote: [m[K  couldn‚Äôt deduce template parameter ‚Äò[01m[KParameterT[m[K‚Äô
[27.679s]    77 |   [01;36m[Knode->declare_parameter("sample_rate")[m[K;
[27.679s]       |   [01;36m[K~~~~~~~~~~~~~~~~~~~~~~~^~~~~~~~~~~~~~~[m[K
[27.681s] In file included from [01m[K/opt/ros/humble/include/rclcpp/rclcpp/executors/single_threaded_executor.hpp:28[m[K,
[27.682s]                  from [01m[K/opt/ros/humble/include/rclcpp/rclcpp/executors.hpp:22[m[K,
[27.683s]                  from [01m[K/opt/ros/humble/include/rclcpp/rclcpp/rclcpp.hpp:155[m[K,
[27.683s]                  from [01m[K/home/rasp/Ê°åÈù¢/smart-cane/src/ydlidar_ros2_driver-master/src/ydlidar_ros2_driver_node.cpp:23[m[K:
[27.684s] [01m[K/opt/ros/humble/include/rclcpp/rclcpp/node.hpp:366:3:[m[K [01;36m[Knote: [m[Kcandidate: ‚Äò[01m[Kconst rclcpp::ParameterValue& rclcpp::Node::declare_parameter(const string&, const rclcpp::ParameterValue&, const ParameterDescriptor&, bool)[m[K‚Äô
[27.685s]   366 |   [01;36m[Kdeclare_parameter[m[K(
[27.686s]       |   [01;36m[K^~~~~~~~~~~~~~~~~[m[K
[27.688s] [01m[K/opt/ros/humble/include/rclcpp/rclcpp/node.hpp:366:3:[m[K [01;36m[Knote: [m[K  candidate expects 4 arguments, 1 provided
[27.689s] [01m[K/opt/ros/humble/include/rclcpp/rclcpp/node.hpp:391:3:[m[K [01;36m[Knote: [m[Kcandidate: ‚Äò[01m[Kconst rclcpp::ParameterValue& rclcpp::Node::declare_parameter(const string&, rclcpp::ParameterType, const ParameterDescriptor&, bool)[m[K‚Äô
[27.690s]   391 |   [01;36m[Kdeclare_parameter[m[K(
[27.691s]       |   [01;36m[K^~~~~~~~~~~~~~~~~[m[K
[27.691s] [01m[K/opt/ros/humble/include/rclcpp/rclcpp/node.hpp:391:3:[m[K [01;36m[Knote: [m[K  candidate expects 4 arguments, 1 provided
[27.692s] [01m[K/home/rasp/Ê°åÈù¢/smart-cane/src/ydlidar_ros2_driver-master/src/ydlidar_ros2_driver_node.cpp:82:26:[m[K [01;31m[Kerror: [m[Kno matching function for call to ‚Äò[01m[Krclcpp::Node::declare_parameter(const char [21])[m[K‚Äô
[27.692s]    82 |   [01;31m[Knode->declare_parameter("abnormal_check_count")[m[K;
[27.693s]       |   [01;31m[K~~~~~~~~~~~~~~~~~~~~~~~^~~~~~~~~~~~~~~~~~~~~~~~[m[K
[27.694s] In file included from [01m[K/opt/ros/humble/include/rclcpp/rclcpp/executors/single_threaded_executor.hpp:28[m[K,
[27.695s]                  from [01m[K/opt/ros/humble/include/rclcpp/rclcpp/executors.hpp:22[m[K,
[27.696s]                  from [01m[K/opt/ros/humble/include/rclcpp/rclcpp/rclcpp.hpp:155[m[K,
[27.697s]                  from [01m[K/home/rasp/Ê°åÈù¢/smart-cane/src/ydlidar_ros2_driver-master/src/ydlidar_ros2_driver_node.cpp:23[m[K:
[27.697s] [01m[K/opt/ros/humble/include/rclcpp/rclcpp/node.hpp:421:3:[m[K [01;36m[Knote: [m[Kcandidate: ‚Äò[01m[Ktemplate<class ParameterT> auto rclcpp::Node::declare_parameter(const string&, const ParameterT&, const ParameterDescriptor&, bool)[m[K‚Äô
[27.698s]   421 |   [01;36m[Kdeclare_parameter[m[K(
[27.699s]       |   [01;36m[K^~~~~~~~~~~~~~~~~[m[K
[27.700s] [01m[K/opt/ros/humble/include/rclcpp/rclcpp/node.hpp:421:3:[m[K [01;36m[Knote: [m[K  template argument deduction/substitution failed:
[27.700s] [01m[K/home/rasp/Ê°åÈù¢/smart-cane/src/ydlidar_ros2_driver-master/src/ydlidar_ros2_driver_node.cpp:82:26:[m[K [01;36m[Knote: [m[K  candidate expects 4 arguments, 1 provided
[27.701s]    82 |   [01;36m[Knode->declare_parameter("abnormal_check_count")[m[K;
[27.702s]       |   [01;36m[K~~~~~~~~~~~~~~~~~~~~~~~^~~~~~~~~~~~~~~~~~~~~~~~[m[K
[27.703s] In file included from [01m[K/opt/ros/humble/include/rclcpp/rclcpp/executors/single_threaded_executor.hpp:28[m[K,
[27.704s]                  from [01m[K/opt/ros/humble/include/rclcpp/rclcpp/executors.hpp:22[m[K,
[27.704s]                  from [01m[K/opt/ros/humble/include/rclcpp/rclcpp/rclcpp.hpp:155[m[K,
[27.705s]                  from [01m[K/home/rasp/Ê°åÈù¢/smart-cane/src/ydlidar_ros2_driver-master/src/ydlidar_ros2_driver_node.cpp:23[m[K:
[27.705s] [01m[K/opt/ros/humble/include/rclcpp/rclcpp/node.hpp:434:3:[m[K [01;36m[Knote: [m[Kcandidate: ‚Äò[01m[Ktemplate<class ParameterT> auto rclcpp::Node::declare_parameter(const string&, const ParameterDescriptor&, bool)[m[K‚Äô
[27.707s]   434 |   [01;36m[Kdeclare_parameter[m[K(
[27.708s]       |   [01;36m[K^~~~~~~~~~~~~~~~~[m[K
[27.709s] [01m[K/opt/ros/humble/include/rclcpp/rclcpp/node.hpp:434:3:[m[K [01;36m[Knote: [m[K  template argument deduction/substitution failed:
[27.710s] [01m[K/home/rasp/Ê°åÈù¢/smart-cane/src/ydlidar_ros2_driver-master/src/ydlidar_ros2_driver_node.cpp:82:26:[m[K [01;36m[Knote: [m[K  couldn‚Äôt deduce template parameter ‚Äò[01m[KParameterT[m[K‚Äô
[27.712s]    82 |   [01;36m[Knode->declare_parameter("abnormal_check_count")[m[K;
[27.713s]       |   [01;36m[K~~~~~~~~~~~~~~~~~~~~~~~^~~~~~~~~~~~~~~~~~~~~~~~[m[K
[27.714s] In file included from [01m[K/opt/ros/humble/include/rclcpp/rclcpp/executors/single_threaded_executor.hpp:28[m[K,
[27.716s]                  from [01m[K/opt/ros/humble/include/rclcpp/rclcpp/executors.hpp:22[m[K,
[27.716s]                  from [01m[K/opt/ros/humble/include/rclcpp/rclcpp/rclcpp.hpp:155[m[K,
[27.717s]                  from [01m[K/home/rasp/Ê°åÈù¢/smart-cane/src/ydlidar_ros2_driver-master/src/ydlidar_ros2_driver_node.cpp:23[m[K:
[27.718s] [01m[K/opt/ros/humble/include/rclcpp/rclcpp/node.hpp:366:3:[m[K [01;36m[Knote: [m[Kcandidate: ‚Äò[01m[Kconst rclcpp::ParameterValue& rclcpp::Node::declare_parameter(const string&, const rclcpp::ParameterValue&, const ParameterDescriptor&, bool)[m[K‚Äô
[27.718s]   366 |   [01;36m[Kdeclare_parameter[m[K(
[27.719s]       |   [01;36m[K^~~~~~~~~~~~~~~~~[m[K
[27.722s] [01m[K/opt/ros/humble/include/rclcpp/rclcpp/node.hpp:366:3:[m[K [01;36m[Knote: [m[K  candidate expects 4 arguments, 1 provided
[27.723s] [01m[K/opt/ros/humble/include/rclcpp/rclcpp/node.hpp:391:3:[m[K [01;36m[Knote: [m[Kcandidate: ‚Äò[01m[Kconst rclcpp::ParameterValue& rclcpp::Node::declare_parameter(const string&, rclcpp::ParameterType, const ParameterDescriptor&, bool)[m[K‚Äô
[27.723s]   391 |   [01;36m[Kdeclare_parameter[m[K(
[27.725s]       |   [01;36m[K^~~~~~~~~~~~~~~~~[m[K
[27.726s] [01m[K/opt/ros/humble/include/rclcpp/rclcpp/node.hpp:391:3:[m[K [01;36m[Knote: [m[K  candidate expects 4 arguments, 1 provided
[27.727s] [01m[K/home/rasp/Ê°åÈù¢/smart-cane/src/ydlidar_ros2_driver-master/src/ydlidar_ros2_driver_node.cpp:90:26:[m[K [01;31m[Kerror: [m[Kno matching function for call to ‚Äò[01m[Krclcpp::Node::declare_parameter(const char [17])[m[K‚Äô
[27.728s]    90 |   [01;31m[Knode->declare_parameter("fixed_resolution")[m[K;
[27.728s]       |   [01;31m[K~~~~~~~~~~~~~~~~~~~~~~~^~~~~~~~~~~~~~~~~~~~[m[K
[27.729s] In file included from [01m[K/opt/ros/humble/include/rclcpp/rclcpp/executors/single_threaded_executor.hpp:28[m[K,
[27.729s]                  from [01m[K/opt/ros/humble/include/rclcpp/rclcpp/executors.hpp:22[m[K,
[27.730s]                  from [01m[K/opt/ros/humble/include/rclcpp/rclcpp/rclcpp.hpp:155[m[K,
[27.731s]                  from [01m[K/home/rasp/Ê°åÈù¢/smart-cane/src/ydlidar_ros2_driver-master/src/ydlidar_ros2_driver_node.cpp:23[m[K:
[27.732s] [01m[K/opt/ros/humble/include/rclcpp/rclcpp/node.hpp:421:3:[m[K [01;36m[Knote: [m[Kcandidate: ‚Äò[01m[Ktemplate<class ParameterT> auto rclcpp::Node::declare_parameter(const string&, const ParameterT&, const ParameterDescriptor&, bool)[m[K‚Äô
[27.733s]   421 |   [01;36m[Kdeclare_parameter[m[K(
[27.734s]       |   [01;36m[K^~~~~~~~~~~~~~~~~[m[K
[27.734s] [01m[K/opt/ros/humble/include/rclcpp/rclcpp/node.hpp:421:3:[m[K [01;36m[Knote: [m[K  template argument deduction/substitution failed:
[27.735s] [01m[K/home/rasp/Ê°åÈù¢/smart-cane/src/ydlidar_ros2_driver-master/src/ydlidar_ros2_driver_node.cpp:90:26:[m[K [01;36m[Knote: [m[K  candidate expects 4 arguments, 1 provided
[27.736s]    90 |   [01;36m[Knode->declare_parameter("fixed_resolution")[m[K;
[27.736s]       |   [01;36m[K~~~~~~~~~~~~~~~~~~~~~~~^~~~~~~~~~~~~~~~~~~~[m[K
[27.737s] In file included from [01m[K/opt/ros/humble/include/rclcpp/rclcpp/executors/single_threaded_executor.hpp:28[m[K,
[27.738s]                  from [01m[K/opt/ros/humble/include/rclcpp/rclcpp/executors.hpp:22[m[K,
[27.738s]                  from [01m[K/opt/ros/humble/include/rclcpp/rclcpp/rclcpp.hpp:155[m[K,
[27.739s]                  from [01m[K/home/rasp/Ê°åÈù¢/smart-cane/src/ydlidar_ros2_driver-master/src/ydlidar_ros2_driver_node.cpp:23[m[K:
[27.740s] [01m[K/opt/ros/humble/include/rclcpp/rclcpp/node.hpp:434:3:[m[K [01;36m[Knote: [m[Kcandidate: ‚Äò[01m[Ktemplate<class ParameterT> auto rclcpp::Node::declare_parameter(const string&, const ParameterDescriptor&, bool)[m[K‚Äô
[27.741s]   434 |   [01;36m[Kdeclare_parameter[m[K(
[27.741s]       |   [01;36m[K^~~~~~~~~~~~~~~~~[m[K
[27.743s] [01m[K/opt/ros/humble/include/rclcpp/rclcpp/node.hpp:434:3:[m[K [01;36m[Knote: [m[K  template argument deduction/substitution failed:
[27.743s] [01m[K/home/rasp/Ê°åÈù¢/smart-cane/src/ydlidar_ros2_driver-master/src/ydlidar_ros2_driver_node.cpp:90:26:[m[K [01;36m[Knote: [m[K  couldn‚Äôt deduce template parameter ‚Äò[01m[KParameterT[m[K‚Äô
[27.744s]    90 |   [01;36m[Knode->declare_parameter("fixed_resolution")[m[K;
[27.745s]       |   [01;36m[K~~~~~~~~~~~~~~~~~~~~~~~^~~~~~~~~~~~~~~~~~~~[m[K
[27.746s] In file included from [01m[K/opt/ros/humble/include/rclcpp/rclcpp/executors/single_threaded_executor.hpp:28[m[K,
[27.747s]                  from [01m[K/opt/ros/humble/include/rclcpp/rclcpp/executors.hpp:22[m[K,
[27.747s]                  from [01m[K/opt/ros/humble/include/rclcpp/rclcpp/rclcpp.hpp:155[m[K,
[27.748s]                  from [01m[K/home/rasp/Ê°åÈù¢/smart-cane/src/ydlidar_ros2_driver-master/src/ydlidar_ros2_driver_node.cpp:23[m[K:
[27.749s] [01m[K/opt/ros/humble/include/rclcpp/rclcpp/node.hpp:366:3:[m[K [01;36m[Knote: [m[Kcandidate: ‚Äò[01m[Kconst rclcpp::ParameterValue& rclcpp::Node::declare_parameter(const string&, const rclcpp::ParameterValue&, const ParameterDescriptor&, bool)[m[K‚Äô
[27.750s]   366 |   [01;36m[Kdeclare_parameter[m[K(
[27.752s]       |   [01;36m[K^~~~~~~~~~~~~~~~~[m[K
[27.752s] [01m[K/opt/ros/humble/include/rclcpp/rclcpp/node.hpp:366:3:[m[K [01;36m[Knote: [m[K  candidate expects 4 arguments, 1 provided
[27.754s] [01m[K/opt/ros/humble/include/rclcpp/rclcpp/node.hpp:391:3:[m[K [01;36m[Knote: [m[Kcandidate: ‚Äò[01m[Kconst rclcpp::ParameterValue& rclcpp::Node::declare_parameter(const string&, rclcpp::ParameterType, const ParameterDescriptor&, bool)[m[K‚Äô
[27.755s]   391 |   [01;36m[Kdeclare_parameter[m[K(
[27.757s]       |   [01;36m[K^~~~~~~~~~~~~~~~~[m[K
[27.759s] [01m[K/opt/ros/humble/include/rclcpp/rclcpp/node.hpp:391:3:[m[K [01;36m[Knote: [m[K  candidate expects 4 arguments, 1 provided
[27.760s] [01m[K/home/rasp/Ê°åÈù¢/smart-cane/src/ydlidar_ros2_driver-master/src/ydlidar_ros2_driver_node.cpp:95:26:[m[K [01;31m[Kerror: [m[Kno matching function for call to ‚Äò[01m[Krclcpp::Node::declare_parameter(const char [10])[m[K‚Äô
[27.761s]    95 |   [01;31m[Knode->declare_parameter("reversion")[m[K;
[27.762s]       |   [01;31m[K~~~~~~~~~~~~~~~~~~~~~~~^~~~~~~~~~~~~[m[K
[27.763s] In file included from [01m[K/opt/ros/humble/include/rclcpp/rclcpp/executors/single_threaded_executor.hpp:28[m[K,
[27.764s]                  from [01m[K/opt/ros/humble/include/rclcpp/rclcpp/executors.hpp:22[m[K,
[27.765s]                  from [01m[K/opt/ros/humble/include/rclcpp/rclcpp/rclcpp.hpp:155[m[K,
[27.766s]                  from [01m[K/home/rasp/Ê°åÈù¢/smart-cane/src/ydlidar_ros2_driver-master/src/ydlidar_ros2_driver_node.cpp:23[m[K:
[27.767s] [01m[K/opt/ros/humble/include/rclcpp/rclcpp/node.hpp:421:3:[m[K [01;36m[Knote: [m[Kcandidate: ‚Äò[01m[Ktemplate<class ParameterT> auto rclcpp::Node::declare_parameter(const string&, const ParameterT&, const ParameterDescriptor&, bool)[m[K‚Äô
[27.768s]   421 |   [01;36m[Kdeclare_parameter[m[K(
[27.769s]       |   [01;36m[K^~~~~~~~~~~~~~~~~[m[K
[27.771s] [01m[K/opt/ros/humble/include/rclcpp/rclcpp/node.hpp:421:3:[m[K [01;36m[Knote: [m[K  template argument deduction/substitution failed:
[27.773s] [01m[K/home/rasp/Ê°åÈù¢/smart-cane/src/ydlidar_ros2_driver-master/src/ydlidar_ros2_driver_node.cpp:95:26:[m[K [01;36m[Knote: [m[K  candidate expects 4 arguments, 1 provided
[27.775s]    95 |   [01;36m[Knode->declare_parameter("reversion")[m[K;
[27.776s]       |   [01;36m[K~~~~~~~~~~~~~~~~~~~~~~~^~~~~~~~~~~~~[m[K
[27.778s] In file included from [01m[K/opt/ros/humble/include/rclcpp/rclcpp/executors/single_threaded_executor.hpp:28[m[K,
[27.779s]                  from [01m[K/opt/ros/humble/include/rclcpp/rclcpp/executors.hpp:22[m[K,
[27.780s]                  from [01m[K/opt/ros/humble/include/rclcpp/rclcpp/rclcpp.hpp:155[m[K,
[27.781s]                  from [01m[K/home/rasp/Ê°åÈù¢/smart-cane/src/ydlidar_ros2_driver-master/src/ydlidar_ros2_driver_node.cpp:23[m[K:
[27.782s] [01m[K/opt/ros/humble/include/rclcpp/rclcpp/node.hpp:434:3:[m[K [01;36m[Knote: [m[Kcandidate: ‚Äò[01m[Ktemplate<class ParameterT> auto rclcpp::Node::declare_parameter(const string&, const ParameterDescriptor&, bool)[m[K‚Äô
[27.783s]   434 |   [01;36m[Kdeclare_parameter[m[K(
[27.784s]       |   [01;36m[K^~~~~~~~~~~~~~~~~[m[K
[27.784s] [01m[K/opt/ros/humble/include/rclcpp/rclcpp/node.hpp:434:3:[m[K [01;36m[Knote: [m[K  template argument deduction/substitution failed:
[27.785s] [01m[K/home/rasp/Ê°åÈù¢/smart-cane/src/ydlidar_ros2_driver-master/src/ydlidar_ros2_driver_node.cpp:95:26:[m[K [01;36m[Knote: [m[K  couldn‚Äôt deduce template parameter ‚Äò[01m[KParameterT[m[K‚Äô
[27.786s]    95 |   [01;36m[Knode->declare_parameter("reversion")[m[K;
[27.786s]       |   [01;36m[K~~~~~~~~~~~~~~~~~~~~~~~^~~~~~~~~~~~~[m[K
[27.787s] In file included from [01m[K/opt/ros/humble/include/rclcpp/rclcpp/executors/single_threaded_executor.hpp:28[m[K,
[27.788s]                  from [01m[K/opt/ros/humble/include/rclcpp/rclcpp/executors.hpp:22[m[K,
[27.789s]                  from [01m[K/opt/ros/humble/include/rclcpp/rclcpp/rclcpp.hpp:155[m[K,
[27.790s]                  from [01m[K/home/rasp/Ê°åÈù¢/smart-cane/src/ydlidar_ros2_driver-master/src/ydlidar_ros2_driver_node.cpp:23[m[K:
[27.790s] [01m[K/opt/ros/humble/include/rclcpp/rclcpp/node.hpp:366:3:[m[K [01;36m[Knote: [m[Kcandidate: ‚Äò[01m[Kconst rclcpp::ParameterValue& rclcpp::Node::declare_parameter(const string&, const rclcpp::ParameterValue&, const ParameterDescriptor&, bool)[m[K‚Äô
[27.791s]   366 |   [01;36m[Kdeclare_parameter[m[K(
[27.792s]       |   [01;36m[K^~~~~~~~~~~~~~~~~[m[K
[27.793s] [01m[K/opt/ros/humble/include/rclcpp/rclcpp/node.hpp:366:3:[m[K [01;36m[Knote: [m[K  candidate expects 4 arguments, 1 provided
[27.793s] [01m[K/opt/ros/humble/include/rclcpp/rclcpp/node.hpp:391:3:[m[K [01;36m[Knote: [m[Kcandidate: ‚Äò[01m[Kconst rclcpp::ParameterValue& rclcpp::Node::declare_parameter(const string&, rclcpp::ParameterType, const ParameterDescriptor&, bool)[m[K‚Äô
[27.794s]   391 |   [01;36m[Kdeclare_parameter[m[K(
[27.795s]       |   [01;36m[K^~~~~~~~~~~~~~~~~[m[K
[27.795s] [01m[K/opt/ros/humble/include/rclcpp/rclcpp/node.hpp:391:3:[m[K [01;36m[Knote: [m[K  candidate expects 4 arguments, 1 provided
[27.796s] [01m[K/home/rasp/Ê°åÈù¢/smart-cane/src/ydlidar_ros2_driver-master/src/ydlidar_ros2_driver_node.cpp:100:26:[m[K [01;31m[Kerror: [m[Kno matching function for call to ‚Äò[01m[Krclcpp::Node::declare_parameter(const char [9])[m[K‚Äô
[27.796s]   100 |   [01;31m[Knode->declare_parameter("inverted")[m[K;
[27.797s]       |   [01;31m[K~~~~~~~~~~~~~~~~~~~~~~~^~~~~~~~~~~~[m[K
[27.798s] In file included from [01m[K/opt/ros/humble/include/rclcpp/rclcpp/executors/single_threaded_executor.hpp:28[m[K,
[27.798s]                  from [01m[K/opt/ros/humble/include/rclcpp/rclcpp/executors.hpp:22[m[K,
[27.799s]                  from [01m[K/opt/ros/humble/include/rclcpp/rclcpp/rclcpp.hpp:155[m[K,
[27.800s]                  from [01m[K/home/rasp/Ê°åÈù¢/smart-cane/src/ydlidar_ros2_driver-master/src/ydlidar_ros2_driver_node.cpp:23[m[K:
[27.801s] [01m[K/opt/ros/humble/include/rclcpp/rclcpp/node.hpp:421:3:[m[K [01;36m[Knote: [m[Kcandidate: ‚Äò[01m[Ktemplate<class ParameterT> auto rclcpp::Node::declare_parameter(const string&, const ParameterT&, const ParameterDescriptor&, bool)[m[K‚Äô
[27.802s]   421 |   [01;36m[Kdeclare_parameter[m[K(
[27.803s]       |   [01;36m[K^~~~~~~~~~~~~~~~~[m[K
[27.805s] [01m[K/opt/ros/humble/include/rclcpp/rclcpp/node.hpp:421:3:[m[K [01;36m[Knote: [m[K  template argument deduction/substitution failed:
[27.806s] [01m[K/home/rasp/Ê°åÈù¢/smart-cane/src/ydlidar_ros2_driver-master/src/ydlidar_ros2_driver_node.cpp:100:26:[m[K [01;36m[Knote: [m[K  candidate expects 4 arguments, 1 provided
[27.806s]   100 |   [01;36m[Knode->declare_parameter("inverted")[m[K;
[27.807s]       |   [01;36m[K~~~~~~~~~~~~~~~~~~~~~~~^~~~~~~~~~~~[m[K
[27.808s] In file included from [01m[K/opt/ros/humble/include/rclcpp/rclcpp/executors/single_threaded_executor.hpp:28[m[K,
[27.808s]                  from [01m[K/opt/ros/humble/include/rclcpp/rclcpp/executors.hpp:22[m[K,
[27.809s]                  from [01m[K/opt/ros/humble/include/rclcpp/rclcpp/rclcpp.hpp:155[m[K,
[27.810s]                  from [01m[K/home/rasp/Ê°åÈù¢/smart-cane/src/ydlidar_ros2_driver-master/src/ydlidar_ros2_driver_node.cpp:23[m[K:
[27.811s] [01m[K/opt/ros/humble/include/rclcpp/rclcpp/node.hpp:434:3:[m[K [01;36m[Knote: [m[Kcandidate: ‚Äò[01m[Ktemplate<class ParameterT> auto rclcpp::Node::declare_parameter(const string&, const ParameterDescriptor&, bool)[m[K‚Äô
[27.811s]   434 |   [01;36m[Kdeclare_parameter[m[K(
[27.812s]       |   [01;36m[K^~~~~~~~~~~~~~~~~[m[K
[27.813s] [01m[K/opt/ros/humble/include/rclcpp/rclcpp/node.hpp:434:3:[m[K [01;36m[Knote: [m[K  template argument deduction/substitution failed:
[27.814s] [01m[K/home/rasp/Ê°åÈù¢/smart-cane/src/ydlidar_ros2_driver-master/src/ydlidar_ros2_driver_node.cpp:100:26:[m[K [01;36m[Knote: [m[K  couldn‚Äôt deduce template parameter ‚Äò[01m[KParameterT[m[K‚Äô
[27.816s]   100 |   [01;36m[Knode->declare_parameter("inverted")[m[K;
[27.817s]       |   [01;36m[K~~~~~~~~~~~~~~~~~~~~~~~^~~~~~~~~~~~[m[K
[27.818s] In file included from [01m[K/opt/ros/humble/include/rclcpp/rclcpp/executors/single_threaded_executor.hpp:28[m[K,
[27.820s]                  from [01m[K/opt/ros/humble/include/rclcpp/rclcpp/executors.hpp:22[m[K,
[27.823s]                  from [01m[K/opt/ros/humble/include/rclcpp/rclcpp/rclcpp.hpp:155[m[K,
[27.824s]                  from [01m[K/home/rasp/Ê°åÈù¢/smart-cane/src/ydlidar_ros2_driver-master/src/ydlidar_ros2_driver_node.cpp:23[m[K:
[27.825s] [01m[K/opt/ros/humble/include/rclcpp/rclcpp/node.hpp:366:3:[m[K [01;36m[Knote: [m[Kcandidate: ‚Äò[01m[Kconst rclcpp::ParameterValue& rclcpp::Node::declare_parameter(const string&, const rclcpp::ParameterValue&, const ParameterDescriptor&, bool)[m[K‚Äô
[27.826s]   366 |   [01;36m[Kdeclare_parameter[m[K(
[27.827s]       |   [01;36m[K^~~~~~~~~~~~~~~~~[m[K
[27.828s] [01m[K/opt/ros/humble/include/rclcpp/rclcpp/node.hpp:366:3:[m[K [01;36m[Knote: [m[K  candidate expects 4 arguments, 1 provided
[27.829s] [01m[K/opt/ros/humble/include/rclcpp/rclcpp/node.hpp:391:3:[m[K [01;36m[Knote: [m[Kcandidate: ‚Äò[01m[Kconst rclcpp::ParameterValue& rclcpp::Node::declare_parameter(const string&, rclcpp::ParameterType, const ParameterDescriptor&, bool)[m[K‚Äô
[27.829s]   391 |   [01;36m[Kdeclare_parameter[m[K(
[27.830s]       |   [01;36m[K^~~~~~~~~~~~~~~~~[m[K
[27.831s] [01m[K/opt/ros/humble/include/rclcpp/rclcpp/node.hpp:391:3:[m[K [01;36m[Knote: [m[K  candidate expects 4 arguments, 1 provided
[27.832s] [01m[K/home/rasp/Ê°åÈù¢/smart-cane/src/ydlidar_ros2_driver-master/src/ydlidar_ros2_driver_node.cpp:104:26:[m[K [01;31m[Kerror: [m[Kno matching function for call to ‚Äò[01m[Krclcpp::Node::declare_parameter(const char [15])[m[K‚Äô
[27.832s]   104 |   [01;31m[Knode->declare_parameter("auto_reconnect")[m[K;
[27.833s]       |   [01;31m[K~~~~~~~~~~~~~~~~~~~~~~~^~~~~~~~~~~~~~~~~~[m[K
[27.833s] In file included from [01m[K/opt/ros/humble/include/rclcpp/rclcpp/executors/single_threaded_executor.hpp:28[m[K,
[27.834s]                  from [01m[K/opt/ros/humble/include/rclcpp/rclcpp/executors.hpp:22[m[K,
[27.835s]                  from [01m[K/opt/ros/humble/include/rclcpp/rclcpp/rclcpp.hpp:155[m[K,
[27.836s]                  from [01m[K/home/rasp/Ê°åÈù¢/smart-cane/src/ydlidar_ros2_driver-master/src/ydlidar_ros2_driver_node.cpp:23[m[K:
[27.837s] [01m[K/opt/ros/humble/include/rclcpp/rclcpp/node.hpp:421:3:[m[K [01;36m[Knote: [m[Kcandidate: ‚Äò[01m[Ktemplate<class ParameterT> auto rclcpp::Node::declare_parameter(const string&, const ParameterT&, const ParameterDescriptor&, bool)[m[K‚Äô
[27.837s]   421 |   [01;36m[Kdeclare_parameter[m[K(
[27.838s]       |   [01;36m[K^~~~~~~~~~~~~~~~~[m[K
[27.839s] [01m[K/opt/ros/humble/include/rclcpp/rclcpp/node.hpp:421:3:[m[K [01;36m[Knote: [m[K  template argument deduction/substitution failed:
[27.840s] [01m[K/home/rasp/Ê°åÈù¢/smart-cane/src/ydlidar_ros2_driver-master/src/ydlidar_ros2_driver_node.cpp:104:26:[m[K [01;36m[Knote: [m[K  candidate expects 4 arguments, 1 provided
[27.841s]   104 |   [01;36m[Knode->declare_parameter("auto_reconnect")[m[K;
[27.842s]       |   [01;36m[K~~~~~~~~~~~~~~~~~~~~~~~^~~~~~~~~~~~~~~~~~[m[K
[27.844s] In file included from [01m[K/opt/ros/humble/include/rclcpp/rclcpp/executors/single_threaded_executor.hpp:28[m[K,
[27.845s]                  from [01m[K/opt/ros/humble/include/rclcpp/rclcpp/executors.hpp:22[m[K,
[27.846s]                  from [01m[K/opt/ros/humble/include/rclcpp/rclcpp/rclcpp.hpp:155[m[K,
[27.847s]                  from [01m[K/home/rasp/Ê°åÈù¢/smart-cane/src/ydlidar_ros2_driver-master/src/ydlidar_ros2_driver_node.cpp:23[m[K:
[27.848s] [01m[K/opt/ros/humble/include/rclcpp/rclcpp/node.hpp:434:3:[m[K [01;36m[Knote: [m[Kcandidate: ‚Äò[01m[Ktemplate<class ParameterT> auto rclcpp::Node::declare_parameter(const string&, const ParameterDescriptor&, bool)[m[K‚Äô
[27.849s]   434 |   [01;36m[Kdeclare_parameter[m[K(
[27.850s]       |   [01;36m[K^~~~~~~~~~~~~~~~~[m[K
[27.851s] [01m[K/opt/ros/humble/include/rclcpp/rclcpp/node.hpp:434:3:[m[K [01;36m[Knote: [m[K  template argument deduction/substitution failed:
[27.851s] [01m[K/home/rasp/Ê°åÈù¢/smart-cane/src/ydlidar_ros2_driver-master/src/ydlidar_ros2_driver_node.cpp:104:26:[m[K [01;36m[Knote: [m[K  couldn‚Äôt deduce template parameter ‚Äò[01m[KParameterT[m[K‚Äô
[27.852s]   104 |   [01;36m[Knode->declare_parameter("auto_reconnect")[m[K;
[27.853s]       |   [01;36m[K~~~~~~~~~~~~~~~~~~~~~~~^~~~~~~~~~~~~~~~~~[m[K
[27.854s] In file included from [01m[K/opt/ros/humble/include/rclcpp/rclcpp/executors/single_threaded_executor.hpp:28[m[K,
[27.854s]                  from [01m[K/opt/ros/humble/include/rclcpp/rclcpp/executors.hpp:22[m[K,
[27.855s]                  from [01m[K/opt/ros/humble/include/rclcpp/rclcpp/rclcpp.hpp:155[m[K,
[27.857s]                  from [01m[K/home/rasp/Ê°åÈù¢/smart-cane/src/ydlidar_ros2_driver-master/src/ydlidar_ros2_driver_node.cpp:23[m[K:
[27.857s] [01m[K/opt/ros/humble/include/rclcpp/rclcpp/node.hpp:366:3:[m[K [01;36m[Knote: [m[Kcandidate: ‚Äò[01m[Kconst rclcpp::ParameterValue& rclcpp::Node::declare_parameter(const string&, const rclcpp::ParameterValue&, const ParameterDescriptor&, bool)[m[K‚Äô
[27.858s]   366 |   [01;36m[Kdeclare_parameter[m[K(
[27.859s]       |   [01;36m[K^~~~~~~~~~~~~~~~~[m[K
[27.860s] [01m[K/opt/ros/humble/include/rclcpp/rclcpp/node.hpp:366:3:[m[K [01;36m[Knote: [m[K  candidate expects 4 arguments, 1 provided
[27.860s] [01m[K/opt/ros/humble/include/rclcpp/rclcpp/node.hpp:391:3:[m[K [01;36m[Knote: [m[Kcandidate: ‚Äò[01m[Kconst rclcpp::ParameterValue& rclcpp::Node::declare_parameter(const string&, rclcpp::ParameterType, const ParameterDescriptor&, bool)[m[K‚Äô
[27.861s]   391 |   [01;36m[Kdeclare_parameter[m[K(
[27.862s]       |   [01;36m[K^~~~~~~~~~~~~~~~~[m[K
[27.862s] [01m[K/opt/ros/humble/include/rclcpp/rclcpp/node.hpp:391:3:[m[K [01;36m[Knote: [m[K  candidate expects 4 arguments, 1 provided
[27.863s] [01m[K/home/rasp/Ê°åÈù¢/smart-cane/src/ydlidar_ros2_driver-master/src/ydlidar_ros2_driver_node.cpp:109:26:[m[K [01;31m[Kerror: [m[Kno matching function for call to ‚Äò[01m[Krclcpp::Node::declare_parameter(const char [16])[m[K‚Äô
[27.863s]   109 |   [01;31m[Knode->declare_parameter("isSingleChannel")[m[K;
[27.864s]       |   [01;31m[K~~~~~~~~~~~~~~~~~~~~~~~^~~~~~~~~~~~~~~~~~~[m[K
[27.865s] In file included from [01m[K/opt/ros/humble/include/rclcpp/rclcpp/executors/single_threaded_executor.hpp:28[m[K,
[27.865s]                  from [01m[K/opt/ros/humble/include/rclcpp/rclcpp/executors.hpp:22[m[K,
[27.866s]                  from [01m[K/opt/ros/humble/include/rclcpp/rclcpp/rclcpp.hpp:155[m[K,
[27.867s]                  from [01m[K/home/rasp/Ê°åÈù¢/smart-cane/src/ydlidar_ros2_driver-master/src/ydlidar_ros2_driver_node.cpp:23[m[K:
[27.867s] [01m[K/opt/ros/humble/include/rclcpp/rclcpp/node.hpp:421:3:[m[K [01;36m[Knote: [m[Kcandidate: ‚Äò[01m[Ktemplate<class ParameterT> auto rclcpp::Node::declare_parameter(const string&, const ParameterT&, const ParameterDescriptor&, bool)[m[K‚Äô
[27.869s]   421 |   [01;36m[Kdeclare_parameter[m[K(
[27.870s]       |   [01;36m[K^~~~~~~~~~~~~~~~~[m[K
[27.871s] [01m[K/opt/ros/humble/include/rclcpp/rclcpp/node.hpp:421:3:[m[K [01;36m[Knote: [m[K  template argument deduction/substitution failed:
[27.872s] [01m[K/home/rasp/Ê°åÈù¢/smart-cane/src/ydlidar_ros2_driver-master/src/ydlidar_ros2_driver_node.cpp:109:26:[m[K [01;36m[Knote: [m[K  candidate expects 4 arguments, 1 provided
[27.873s]   109 |   [01;36m[Knode->declare_parameter("isSingleChannel")[m[K;
[27.874s]       |   [01;36m[K~~~~~~~~~~~~~~~~~~~~~~~^~~~~~~~~~~~~~~~~~~[m[K
[27.875s] In file included from [01m[K/opt/ros/humble/include/rclcpp/rclcpp/executors/single_threaded_executor.hpp:28[m[K,
[27.875s]                  from [01m[K/opt/ros/humble/include/rclcpp/rclcpp/executors.hpp:22[m[K,
[27.876s]                  from [01m[K/opt/ros/humble/include/rclcpp/rclcpp/rclcpp.hpp:155[m[K,
[27.877s]                  from [01m[K/home/rasp/Ê°åÈù¢/smart-cane/src/ydlidar_ros2_driver-master/src/ydlidar_ros2_driver_node.cpp:23[m[K:
[27.879s] [01m[K/opt/ros/humble/include/rclcpp/rclcpp/node.hpp:434:3:[m[K [01;36m[Knote: [m[Kcandidate: ‚Äò[01m[Ktemplate<class ParameterT> auto rclcpp::Node::declare_parameter(const string&, const ParameterDescriptor&, bool)[m[K‚Äô
[27.880s]   434 |   [01;36m[Kdeclare_parameter[m[K(
[27.881s]       |   [01;36m[K^~~~~~~~~~~~~~~~~[m[K
[27.882s] [01m[K/opt/ros/humble/include/rclcpp/rclcpp/node.hpp:434:3:[m[K [01;36m[Knote: [m[K  template argument deduction/substitution failed:
[27.883s] [01m[K/home/rasp/Ê°åÈù¢/smart-cane/src/ydlidar_ros2_driver-master/src/ydlidar_ros2_driver_node.cpp:109:26:[m[K [01;36m[Knote: [m[K  couldn‚Äôt deduce template parameter ‚Äò[01m[KParameterT[m[K‚Äô
[27.884s]   109 |   [01;36m[Knode->declare_parameter("isSingleChannel")[m[K;
[27.885s]       |   [01;36m[K~~~~~~~~~~~~~~~~~~~~~~~^~~~~~~~~~~~~~~~~~~[m[K
[27.885s] In file included from [01m[K/opt/ros/humble/include/rclcpp/rclcpp/executors/single_threaded_executor.hpp:28[m[K,
[27.886s]                  from [01m[K/opt/ros/humble/include/rclcpp/rclcpp/executors.hpp:22[m[K,
[27.887s]                  from [01m[K/opt/ros/humble/include/rclcpp/rclcpp/rclcpp.hpp:155[m[K,
[27.888s]                  from [01m[K/home/rasp/Ê°åÈù¢/smart-cane/src/ydlidar_ros2_driver-master/src/ydlidar_ros2_driver_node.cpp:23[m[K:
[27.889s] [01m[K/opt/ros/humble/include/rclcpp/rclcpp/node.hpp:366:3:[m[K [01;36m[Knote: [m[Kcandidate: ‚Äò[01m[Kconst rclcpp::ParameterValue& rclcpp::Node::declare_parameter(const string&, const rclcpp::ParameterValue&, const ParameterDescriptor&, bool)[m[K‚Äô
[27.889s]   366 |   [01;36m[Kdeclare_parameter[m[K(
[27.890s]       |   [01;36m[K^~~~~~~~~~~~~~~~~[m[K
[27.891s] [01m[K/opt/ros/humble/include/rclcpp/rclcpp/node.hpp:366:3:[m[K [01;36m[Knote: [m[K  candidate expects 4 arguments, 1 provided
[27.892s] [01m[K/opt/ros/humble/include/rclcpp/rclcpp/node.hpp:391:3:[m[K [01;36m[Knote: [m[Kcandidate: ‚Äò[01m[Kconst rclcpp::ParameterValue& rclcpp::Node::declare_parameter(const string&, rclcpp::ParameterType, const ParameterDescriptor&, bool)[m[K‚Äô
[27.893s]   391 |   [01;36m[Kdeclare_parameter[m[K(
[27.893s]       |   [01;36m[K^~~~~~~~~~~~~~~~~[m[K
[27.894s] [01m[K/opt/ros/humble/include/rclcpp/rclcpp/node.hpp:391:3:[m[K [01;36m[Knote: [m[K  candidate expects 4 arguments, 1 provided
[27.895s] [01m[K/home/rasp/Ê°åÈù¢/smart-cane/src/ydlidar_ros2_driver-master/src/ydlidar_ros2_driver_node.cpp:114:26:[m[K [01;31m[Kerror: [m[Kno matching function for call to ‚Äò[01m[Krclcpp::Node::declare_parameter(const char [10])[m[K‚Äô
[27.897s]   114 |   [01;31m[Knode->declare_parameter("intensity")[m[K;
[27.898s]       |   [01;31m[K~~~~~~~~~~~~~~~~~~~~~~~^~~~~~~~~~~~~[m[K
[27.899s] In file included from [01m[K/opt/ros/humble/include/rclcpp/rclcpp/executors/single_threaded_executor.hpp:28[m[K,
[27.900s]                  from [01m[K/opt/ros/humble/include/rclcpp/rclcpp/executors.hpp:22[m[K,
[27.901s]                  from [01m[K/opt/ros/humble/include/rclcpp/rclcpp/rclcpp.hpp:155[m[K,
[27.901s]                  from [01m[K/home/rasp/Ê°åÈù¢/smart-cane/src/ydlidar_ros2_driver-master/src/ydlidar_ros2_driver_node.cpp:23[m[K:
[27.902s] [01m[K/opt/ros/humble/include/rclcpp/rclcpp/node.hpp:421:3:[m[K [01;36m[Knote: [m[Kcandidate: ‚Äò[01m[Ktemplate<class ParameterT> auto rclcpp::Node::declare_parameter(const string&, const ParameterT&, const ParameterDescriptor&, bool)[m[K‚Äô
[27.903s]   421 |   [01;36m[Kdeclare_parameter[m[K(
[27.903s]       |   [01;36m[K^~~~~~~~~~~~~~~~~[m[K
[27.904s] [01m[K/opt/ros/humble/include/rclcpp/rclcpp/node.hpp:421:3:[m[K [01;36m[Knote: [m[K  template argument deduction/substitution failed:
[27.905s] [01m[K/home/rasp/Ê°åÈù¢/smart-cane/src/ydlidar_ros2_driver-master/src/ydlidar_ros2_driver_node.cpp:114:26:[m[K [01;36m[Knote: [m[K  candidate expects 4 arguments, 1 provided
[27.905s]   114 |   [01;36m[Knode->declare_parameter("intensity")[m[K;
[27.906s]       |   [01;36m[K~~~~~~~~~~~~~~~~~~~~~~~^~~~~~~~~~~~~[m[K
[27.907s] In file included from [01m[K/opt/ros/humble/include/rclcpp/rclcpp/executors/single_threaded_executor.hpp:28[m[K,
[27.907s]                  from [01m[K/opt/ros/humble/include/rclcpp/rclcpp/executors.hpp:22[m[K,
[27.908s]                  from [01m[K/opt/ros/humble/include/rclcpp/rclcpp/rclcpp.hpp:155[m[K,
[27.909s]                  from [01m[K/home/rasp/Ê°åÈù¢/smart-cane/src/ydlidar_ros2_driver-master/src/ydlidar_ros2_driver_node.cpp:23[m[K:
[27.909s] [01m[K/opt/ros/humble/include/rclcpp/rclcpp/node.hpp:434:3:[m[K [01;36m[Knote: [m[Kcandidate: ‚Äò[01m[Ktemplate<class ParameterT> auto rclcpp::Node::declare_parameter(const string&, const ParameterDescriptor&, bool)[m[K‚Äô
[27.911s]   434 |   [01;36m[Kdeclare_parameter[m[K(
[27.912s]       |   [01;36m[K^~~~~~~~~~~~~~~~~[m[K
[27.913s] [01m[K/opt/ros/humble/include/rclcpp/rclcpp/node.hpp:434:3:[m[K [01;36m[Knote: [m[K  template argument deduction/substitution failed:
[27.915s] [01m[K/home/rasp/Ê°åÈù¢/smart-cane/src/ydlidar_ros2_driver-master/src/ydlidar_ros2_driver_node.cpp:114:26:[m[K [01;36m[Knote: [m[K  couldn‚Äôt deduce template parameter ‚Äò[01m[KParameterT[m[K‚Äô
[27.918s]   114 |   [01;36m[Knode->declare_parameter("intensity")[m[K;
[27.919s]       |   [01;36m[K~~~~~~~~~~~~~~~~~~~~~~~^~~~~~~~~~~~~[m[K
[27.920s] In file included from [01m[K/opt/ros/humble/include/rclcpp/rclcpp/executors/single_threaded_executor.hpp:28[m[K,
[27.921s]                  from [01m[K/opt/ros/humble/include/rclcpp/rclcpp/executors.hpp:22[m[K,
[27.925s]                  from [01m[K/opt/ros/humble/include/rclcpp/rclcpp/rclcpp.hpp:155[m[K,
[27.927s]                  from [01m[K/home/rasp/Ê°åÈù¢/smart-cane/src/ydlidar_ros2_driver-master/src/ydlidar_ros2_driver_node.cpp:23[m[K:
[27.928s] [01m[K/opt/ros/humble/include/rclcpp/rclcpp/node.hpp:366:3:[m[K [01;36m[Knote: [m[Kcandidate: ‚Äò[01m[Kconst rclcpp::ParameterValue& rclcpp::Node::declare_parameter(const string&, const rclcpp::ParameterValue&, const ParameterDescriptor&, bool)[m[K‚Äô
[27.929s]   366 |   [01;36m[Kdeclare_parameter[m[K(
[27.929s]       |   [01;36m[K^~~~~~~~~~~~~~~~~[m[K
[27.930s] [01m[K/opt/ros/humble/include/rclcpp/rclcpp/node.hpp:366:3:[m[K [01;36m[Knote: [m[K  candidate expects 4 arguments, 1 provided
[27.931s] [01m[K/opt/ros/humble/include/rclcpp/rclcpp/node.hpp:391:3:[m[K [01;36m[Knote: [m[Kcandidate: ‚Äò[01m[Kconst rclcpp::ParameterValue& rclcpp::Node::declare_parameter(const string&, rclcpp::ParameterType, const ParameterDescriptor&, bool)[m[K‚Äô
[27.932s]   391 |   [01;36m[Kdeclare_parameter[m[K(
[27.933s]       |   [01;36m[K^~~~~~~~~~~~~~~~~[m[K
[27.934s] [01m[K/opt/ros/humble/include/rclcpp/rclcpp/node.hpp:391:3:[m[K [01;36m[Knote: [m[K  candidate expects 4 arguments, 1 provided
[27.934s] [01m[K/home/rasp/Ê°åÈù¢/smart-cane/src/ydlidar_ros2_driver-master/src/ydlidar_ros2_driver_node.cpp:119:26:[m[K [01;31m[Kerror: [m[Kno matching function for call to ‚Äò[01m[Krclcpp::Node::declare_parameter(const char [18])[m[K‚Äô
[27.935s]   119 |   [01;31m[Knode->declare_parameter("support_motor_dtr")[m[K;
[27.936s]       |   [01;31m[K~~~~~~~~~~~~~~~~~~~~~~~^~~~~~~~~~~~~~~~~~~~~[m[K
[27.936s] In file included from [01m[K/opt/ros/humble/include/rclcpp/rclcpp/executors/single_threaded_executor.hpp:28[m[K,
[27.937s]                  from [01m[K/opt/ros/humble/include/rclcpp/rclcpp/executors.hpp:22[m[K,
[27.938s]                  from [01m[K/opt/ros/humble/include/rclcpp/rclcpp/rclcpp.hpp:155[m[K,
[27.939s]                  from [01m[K/home/rasp/Ê°åÈù¢/smart-cane/src/ydlidar_ros2_driver-master/src/ydlidar_ros2_driver_node.cpp:23[m[K:
[27.939s] [01m[K/opt/ros/humble/include/rclcpp/rclcpp/node.hpp:421:3:[m[K [01;36m[Knote: [m[Kcandidate: ‚Äò[01m[Ktemplate<class ParameterT> auto rclcpp::Node::declare_parameter(const string&, const ParameterT&, const ParameterDescriptor&, bool)[m[K‚Äô
[27.941s]   421 |   [01;36m[Kdeclare_parameter[m[K(
[27.942s]       |   [01;36m[K^~~~~~~~~~~~~~~~~[m[K
[27.943s] [01m[K/opt/ros/humble/include/rclcpp/rclcpp/node.hpp:421:3:[m[K [01;36m[Knote: [m[K  template argument deduction/substitution failed:
[27.944s] [01m[K/home/rasp/Ê°åÈù¢/smart-cane/src/ydlidar_ros2_driver-master/src/ydlidar_ros2_driver_node.cpp:119:26:[m[K [01;36m[Knote: [m[K  candidate expects 4 arguments, 1 provided
[27.945s]   119 |   [01;36m[Knode->declare_parameter("support_motor_dtr")[m[K;
[27.947s]       |   [01;36m[K~~~~~~~~~~~~~~~~~~~~~~~^~~~~~~~~~~~~~~~~~~~~[m[K
[27.948s] In file included from [01m[K/opt/ros/humble/include/rclcpp/rclcpp/executors/single_threaded_executor.hpp:28[m[K,
[27.949s]                  from [01m[K/opt/ros/humble/include/rclcpp/rclcpp/executors.hpp:22[m[K,
[27.949s]                  from [01m[K/opt/ros/humble/include/rclcpp/rclcpp/rclcpp.hpp:155[m[K,
[27.951s]                  from [01m[K/home/rasp/Ê°åÈù¢/smart-cane/src/ydlidar_ros2_driver-master/src/ydlidar_ros2_driver_node.cpp:23[m[K:
[27.954s] [01m[K/opt/ros/humble/include/rclcpp/rclcpp/node.hpp:434:3:[m[K [01;36m[Knote: [m[Kcandidate: ‚Äò[01m[Ktemplate<class ParameterT> auto rclcpp::Node::declare_parameter(const string&, const ParameterDescriptor&, bool)[m[K‚Äô
[27.954s]   434 |   [01;36m[Kdeclare_parameter[m[K(
[27.955s]       |   [01;36m[K^~~~~~~~~~~~~~~~~[m[K
[27.956s] [01m[K/opt/ros/humble/include/rclcpp/rclcpp/node.hpp:434:3:[m[K [01;36m[Knote: [m[K  template argument deduction/substitution failed:
[27.956s] [01m[K/home/rasp/Ê°åÈù¢/smart-cane/src/ydlidar_ros2_driver-master/src/ydlidar_ros2_driver_node.cpp:119:26:[m[K [01;36m[Knote: [m[K  couldn‚Äôt deduce template parameter ‚Äò[01m[KParameterT[m[K‚Äô
[27.957s]   119 |   [01;36m[Knode->declare_parameter("support_motor_dtr")[m[K;
[27.957s]       |   [01;36m[K~~~~~~~~~~~~~~~~~~~~~~~^~~~~~~~~~~~~~~~~~~~~[m[K
[27.967s] In file included from [01m[K/opt/ros/humble/include/rclcpp/rclcpp/executors/single_threaded_executor.hpp:28[m[K,
[27.968s]                  from [01m[K/opt/ros/humble/include/rclcpp/rclcpp/executors.hpp:22[m[K,
[27.969s]                  from [01m[K/opt/ros/humble/include/rclcpp/rclcpp/rclcpp.hpp:155[m[K,
[27.969s]                  from [01m[K/home/rasp/Ê°åÈù¢/smart-cane/src/ydlidar_ros2_driver-master/src/ydlidar_ros2_driver_node.cpp:23[m[K:
[27.970s] [01m[K/opt/ros/humble/include/rclcpp/rclcpp/node.hpp:366:3:[m[K [01;36m[Knote: [m[Kcandidate: ‚Äò[01m[Kconst rclcpp::ParameterValue& rclcpp::Node::declare_parameter(const string&, const rclcpp::ParameterValue&, const ParameterDescriptor&, bool)[m[K‚Äô
[27.971s]   366 |   [01;36m[Kdeclare_parameter[m[K(
[27.972s]       |   [01;36m[K^~~~~~~~~~~~~~~~~[m[K
[27.973s] [01m[K/opt/ros/humble/include/rclcpp/rclcpp/node.hpp:366:3:[m[K [01;36m[Knote: [m[K  candidate expects 4 arguments, 1 provided
[27.974s] [01m[K/opt/ros/humble/include/rclcpp/rclcpp/node.hpp:391:3:[m[K [01;36m[Knote: [m[Kcandidate: ‚Äò[01m[Kconst rclcpp::ParameterValue& rclcpp::Node::declare_parameter(const string&, rclcpp::ParameterType, const ParameterDescriptor&, bool)[m[K‚Äô
[27.980s]   391 |   [01;36m[Kdeclare_parameter[m[K(
[27.990s]       |   [01;36m[K^~~~~~~~~~~~~~~~~[m[K
[27.991s] [01m[K/opt/ros/humble/include/rclcpp/rclcpp/node.hpp:391:3:[m[K [01;36m[Knote: [m[K  candidate expects 4 arguments, 1 provided
[27.992s] [01m[K/home/rasp/Ê°åÈù¢/smart-cane/src/ydlidar_ros2_driver-master/src/ydlidar_ros2_driver_node.cpp:126:26:[m[K [01;31m[Kerror: [m[Kno matching function for call to ‚Äò[01m[Krclcpp::Node::declare_parameter(const char [10])[m[K‚Äô
[27.993s]   126 |   [01;31m[Knode->declare_parameter("angle_max")[m[K;
[27.994s]       |   [01;31m[K~~~~~~~~~~~~~~~~~~~~~~~^~~~~~~~~~~~~[m[K
[27.996s] In file included from [01m[K/opt/ros/humble/include/rclcpp/rclcpp/executors/single_threaded_executor.hpp:28[m[K,
[27.997s]                  from [01m[K/opt/ros/humble/include/rclcpp/rclcpp/executors.hpp:22[m[K,
[27.999s]                  from [01m[K/opt/ros/humble/include/rclcpp/rclcpp/rclcpp.hpp:155[m[K,
[28.001s]                  from [01m[K/home/rasp/Ê°åÈù¢/smart-cane/src/ydlidar_ros2_driver-master/src/ydlidar_ros2_driver_node.cpp:23[m[K:
[28.011s] [01m[K/opt/ros/humble/include/rclcpp/rclcpp/node.hpp:421:3:[m[K [01;36m[Knote: [m[Kcandidate: ‚Äò[01m[Ktemplate<class ParameterT> auto rclcpp::Node::declare_parameter(const string&, const ParameterT&, const ParameterDescriptor&, bool)[m[K‚Äô
[28.016s]   421 |   [01;36m[Kdeclare_parameter[m[K(
[28.020s]       |   [01;36m[K^~~~~~~~~~~~~~~~~[m[K
[28.022s] [01m[K/opt/ros/humble/include/rclcpp/rclcpp/node.hpp:421:3:[m[K [01;36m[Knote: [m[K  template argument deduction/substitution failed:
[28.030s] [01m[K/home/rasp/Ê°åÈù¢/smart-cane/src/ydlidar_ros2_driver-master/src/ydlidar_ros2_driver_node.cpp:126:26:[m[K [01;36m[Knote: [m[K  candidate expects 4 arguments, 1 provided
[28.036s]   126 |   [01;36m[Knode->declare_parameter("angle_max")[m[K;
[28.039s]       |   [01;36m[K~~~~~~~~~~~~~~~~~~~~~~~^~~~~~~~~~~~~[m[K
[28.042s] In file included from [01m[K/opt/ros/humble/include/rclcpp/rclcpp/executors/single_threaded_executor.hpp:28[m[K,
[28.046s]                  from [01m[K/opt/ros/humble/include/rclcpp/rclcpp/executors.hpp:22[m[K,
[28.050s]                  from [01m[K/opt/ros/humble/include/rclcpp/rclcpp/rclcpp.hpp:155[m[K,
[28.053s]                  from [01m[K/home/rasp/Ê°åÈù¢/smart-cane/src/ydlidar_ros2_driver-master/src/ydlidar_ros2_driver_node.cpp:23[m[K:
[28.057s] [01m[K/opt/ros/humble/include/rclcpp/rclcpp/node.hpp:434:3:[m[K [01;36m[Knote: [m[Kcandidate: ‚Äò[01m[Ktemplate<class ParameterT> auto rclcpp::Node::declare_parameter(const string&, const ParameterDescriptor&, bool)[m[K‚Äô
[28.064s]   434 |   [01;36m[Kdeclare_parameter[m[K(
[28.070s]       |   [01;36m[K^~~~~~~~~~~~~~~~~[m[K
[28.075s] [01m[K/opt/ros/humble/include/rclcpp/rclcpp/node.hpp:434:3:[m[K [01;36m[Knote: [m[K  template argument deduction/substitution failed:
[28.079s] [01m[K/home/rasp/Ê°åÈù¢/smart-cane/src/ydlidar_ros2_driver-master/src/ydlidar_ros2_driver_node.cpp:126:26:[m[K [01;36m[Knote: [m[K  couldn‚Äôt deduce template parameter ‚Äò[01m[KParameterT[m[K‚Äô
[28.083s]   126 |   [01;36m[Knode->declare_parameter("angle_max")[m[K;
[28.088s]       |   [01;36m[K~~~~~~~~~~~~~~~~~~~~~~~^~~~~~~~~~~~~[m[K
[28.094s] In file included from [01m[K/opt/ros/humble/include/rclcpp/rclcpp/executors/single_threaded_executor.hpp:28[m[K,
[28.099s]                  from [01m[K/opt/ros/humble/include/rclcpp/rclcpp/executors.hpp:22[m[K,
[28.104s]                  from [01m[K/opt/ros/humble/include/rclcpp/rclcpp/rclcpp.hpp:155[m[K,
[28.108s]                  from [01m[K/home/rasp/Ê°åÈù¢/smart-cane/src/ydlidar_ros2_driver-master/src/ydlidar_ros2_driver_node.cpp:23[m[K:
[28.114s] [01m[K/opt/ros/humble/include/rclcpp/rclcpp/node.hpp:366:3:[m[K [01;36m[Knote: [m[Kcandidate: ‚Äò[01m[Kconst rclcpp::ParameterValue& rclcpp::Node::declare_parameter(const string&, const rclcpp::ParameterValue&, const ParameterDescriptor&, bool)[m[K‚Äô
[28.119s]   366 |   [01;36m[Kdeclare_parameter[m[K(
[28.133s]       |   [01;36m[K^~~~~~~~~~~~~~~~~[m[K
[28.138s] [01m[K/opt/ros/humble/include/rclcpp/rclcpp/node.hpp:366:3:[m[K [01;36m[Knote: [m[K  candidate expects 4 arguments, 1 provided
[28.143s] [01m[K/opt/ros/humble/include/rclcpp/rclcpp/node.hpp:391:3:[m[K [01;36m[Knote: [m[Kcandidate: ‚Äò[01m[Kconst rclcpp::ParameterValue& rclcpp::Node::declare_parameter(const string&, rclcpp::ParameterType, const ParameterDescriptor&, bool)[m[K‚Äô
[28.146s]   391 |   [01;36m[Kdeclare_parameter[m[K(
[28.150s]       |   [01;36m[K^~~~~~~~~~~~~~~~~[m[K
[28.155s] [01m[K/opt/ros/humble/include/rclcpp/rclcpp/node.hpp:391:3:[m[K [01;36m[Knote: [m[K  candidate expects 4 arguments, 1 provided
[28.161s] [01m[K/home/rasp/Ê°åÈù¢/smart-cane/src/ydlidar_ros2_driver-master/src/ydlidar_ros2_driver_node.cpp:130:26:[m[K [01;31m[Kerror: [m[Kno matching function for call to ‚Äò[01m[Krclcpp::Node::declare_parameter(const char [10])[m[K‚Äô
[28.166s]   130 |   [01;31m[Knode->declare_parameter("angle_min")[m[K;
[28.170s]       |   [01;31m[K~~~~~~~~~~~~~~~~~~~~~~~^~~~~~~~~~~~~[m[K
[28.174s] In file included from [01m[K/opt/ros/humble/include/rclcpp/rclcpp/executors/single_threaded_executor.hpp:28[m[K,
[28.178s]                  from [01m[K/opt/ros/humble/include/rclcpp/rclcpp/executors.hpp:22[m[K,
[28.181s]                  from [01m[K/opt/ros/humble/include/rclcpp/rclcpp/rclcpp.hpp:155[m[K,
[28.185s]                  from [01m[K/home/rasp/Ê°åÈù¢/smart-cane/src/ydlidar_ros2_driver-master/src/ydlidar_ros2_driver_node.cpp:23[m[K:
[28.189s] [01m[K/opt/ros/humble/include/rclcpp/rclcpp/node.hpp:421:3:[m[K [01;36m[Knote: [m[Kcandidate: ‚Äò[01m[Ktemplate<class ParameterT> auto rclcpp::Node::declare_parameter(const string&, const ParameterT&, const ParameterDescriptor&, bool)[m[K‚Äô
[28.195s]   421 |   [01;36m[Kdeclare_parameter[m[K(
[28.200s]       |   [01;36m[K^~~~~~~~~~~~~~~~~[m[K
[28.203s] [01m[K/opt/ros/humble/include/rclcpp/rclcpp/node.hpp:421:3:[m[K [01;36m[Knote: [m[K  template argument deduction/substitution failed:
[28.207s] [01m[K/home/rasp/Ê°åÈù¢/smart-cane/src/ydlidar_ros2_driver-master/src/ydlidar_ros2_driver_node.cpp:130:26:[m[K [01;36m[Knote: [m[K  candidate expects 4 arguments, 1 provided
[28.210s]   130 |   [01;36m[Knode->declare_parameter("angle_min")[m[K;
[28.213s]       |   [01;36m[K~~~~~~~~~~~~~~~~~~~~~~~^~~~~~~~~~~~~[m[K
[28.217s] In file included from [01m[K/opt/ros/humble/include/rclcpp/rclcpp/executors/single_threaded_executor.hpp:28[m[K,
[28.221s]                  from [01m[K/opt/ros/humble/include/rclcpp/rclcpp/executors.hpp:22[m[K,
[28.229s]                  from [01m[K/opt/ros/humble/include/rclcpp/rclcpp/rclcpp.hpp:155[m[K,
[28.238s]                  from [01m[K/home/rasp/Ê°åÈù¢/smart-cane/src/ydlidar_ros2_driver-master/src/ydlidar_ros2_driver_node.cpp:23[m[K:
[28.242s] [01m[K/opt/ros/humble/include/rclcpp/rclcpp/node.hpp:434:3:[m[K [01;36m[Knote: [m[Kcandidate: ‚Äò[01m[Ktemplate<class ParameterT> auto rclcpp::Node::declare_parameter(const string&, const ParameterDescriptor&, bool)[m[K‚Äô
[28.247s]   434 |   [01;36m[Kdeclare_parameter[m[K(
[28.252s]       |   [01;36m[K^~~~~~~~~~~~~~~~~[m[K
[28.255s] [01m[K/opt/ros/humble/include/rclcpp/rclcpp/node.hpp:434:3:[m[K [01;36m[Knote: [m[K  template argument deduction/substitution failed:
[28.256s] [01m[K/home/rasp/Ê°åÈù¢/smart-cane/src/ydlidar_ros2_driver-master/src/ydlidar_ros2_driver_node.cpp:130:26:[m[K [01;36m[Knote: [m[K  couldn‚Äôt deduce template parameter ‚Äò[01m[KParameterT[m[K‚Äô
[28.256s]   130 |   [01;36m[Knode->declare_parameter("angle_min")[m[K;
[28.257s]       |   [01;36m[K~~~~~~~~~~~~~~~~~~~~~~~^~~~~~~~~~~~~[m[K
[28.261s] In file included from [01m[K/opt/ros/humble/include/rclcpp/rclcpp/executors/single_threaded_executor.hpp:28[m[K,
[28.261s]                  from [01m[K/opt/ros/humble/include/rclcpp/rclcpp/executors.hpp:22[m[K,
[28.262s]                  from [01m[K/opt/ros/humble/include/rclcpp/rclcpp/rclcpp.hpp:155[m[K,
[28.264s]                  from [01m[K/home/rasp/Ê°åÈù¢/smart-cane/src/ydlidar_ros2_driver-master/src/ydlidar_ros2_driver_node.cpp:23[m[K:
[28.264s] [01m[K/opt/ros/humble/include/rclcpp/rclcpp/node.hpp:366:3:[m[K [01;36m[Knote: [m[Kcandidate: ‚Äò[01m[Kconst rclcpp::ParameterValue& rclcpp::Node::declare_parameter(const string&, const rclcpp::ParameterValue&, const ParameterDescriptor&, bool)[m[K‚Äô
[28.265s]   366 |   [01;36m[Kdeclare_parameter[m[K(
[28.266s]       |   [01;36m[K^~~~~~~~~~~~~~~~~[m[K
[28.269s] [01m[K/opt/ros/humble/include/rclcpp/rclcpp/node.hpp:366:3:[m[K [01;36m[Knote: [m[K  candidate expects 4 arguments, 1 provided
[28.271s] [01m[K/opt/ros/humble/include/rclcpp/rclcpp/node.hpp:391:3:[m[K [01;36m[Knote: [m[Kcandidate: ‚Äò[01m[Kconst rclcpp::ParameterValue& rclcpp::Node::declare_parameter(const string&, rclcpp::ParameterType, const ParameterDescriptor&, bool)[m[K‚Äô
[28.274s]   391 |   [01;36m[Kdeclare_parameter[m[K(
[28.276s]       |   [01;36m[K^~~~~~~~~~~~~~~~~[m[K
[28.277s] [01m[K/opt/ros/humble/include/rclcpp/rclcpp/node.hpp:391:3:[m[K [01;36m[Knote: [m[K  candidate expects 4 arguments, 1 provided
[28.279s] [01m[K/home/rasp/Ê°åÈù¢/smart-cane/src/ydlidar_ros2_driver-master/src/ydlidar_ros2_driver_node.cpp:135:26:[m[K [01;31m[Kerror: [m[Kno matching function for call to ‚Äò[01m[Krclcpp::Node::declare_parameter(const char [10])[m[K‚Äô
[28.281s]   135 |   [01;31m[Knode->declare_parameter("range_max")[m[K;
[28.283s]       |   [01;31m[K~~~~~~~~~~~~~~~~~~~~~~~^~~~~~~~~~~~~[m[K
[28.283s] In file included from [01m[K/opt/ros/humble/include/rclcpp/rclcpp/executors/single_threaded_executor.hpp:28[m[K,
[28.284s]                  from [01m[K/opt/ros/humble/include/rclcpp/rclcpp/executors.hpp:22[m[K,
[28.286s]                  from [01m[K/opt/ros/humble/include/rclcpp/rclcpp/rclcpp.hpp:155[m[K,
[28.288s]                  from [01m[K/home/rasp/Ê°åÈù¢/smart-cane/src/ydlidar_ros2_driver-master/src/ydlidar_ros2_driver_node.cpp:23[m[K:
[28.289s] [01m[K/opt/ros/humble/include/rclcpp/rclcpp/node.hpp:421:3:[m[K [01;36m[Knote: [m[Kcandidate: ‚Äò[01m[Ktemplate<class ParameterT> auto rclcpp::Node::declare_parameter(const string&, const ParameterT&, const ParameterDescriptor&, bool)[m[K‚Äô
[28.291s]   421 |   [01;36m[Kdeclare_parameter[m[K(
[28.293s]       |   [01;36m[K^~~~~~~~~~~~~~~~~[m[K
[28.294s] [01m[K/opt/ros/humble/include/rclcpp/rclcpp/node.hpp:421:3:[m[K [01;36m[Knote: [m[K  template argument deduction/substitution failed:
[28.295s] [01m[K/home/rasp/Ê°åÈù¢/smart-cane/src/ydlidar_ros2_driver-master/src/ydlidar_ros2_driver_node.cpp:135:26:[m[K [01;36m[Knote: [m[K  candidate expects 4 arguments, 1 provided
[28.296s]   135 |   [01;36m[Knode->declare_parameter("range_max")[m[K;
[28.297s]       |   [01;36m[K~~~~~~~~~~~~~~~~~~~~~~~^~~~~~~~~~~~~[m[K
[28.298s] In file included from [01m[K/opt/ros/humble/include/rclcpp/rclcpp/executors/single_threaded_executor.hpp:28[m[K,
[28.299s]                  from [01m[K/opt/ros/humble/include/rclcpp/rclcpp/executors.hpp:22[m[K,
[28.300s]                  from [01m[K/opt/ros/humble/include/rclcpp/rclcpp/rclcpp.hpp:155[m[K,
[28.301s]                  from [01m[K/home/rasp/Ê°åÈù¢/smart-cane/src/ydlidar_ros2_driver-master/src/ydlidar_ros2_driver_node.cpp:23[m[K:
[28.302s] [01m[K/opt/ros/humble/include/rclcpp/rclcpp/node.hpp:434:3:[m[K [01;36m[Knote: [m[Kcandidate: ‚Äò[01m[Ktemplate<class ParameterT> auto rclcpp::Node::declare_parameter(const string&, const ParameterDescriptor&, bool)[m[K‚Äô
[28.303s]   434 |   [01;36m[Kdeclare_parameter[m[K(
[28.304s]       |   [01;36m[K^~~~~~~~~~~~~~~~~[m[K
[28.305s] [01m[K/opt/ros/humble/include/rclcpp/rclcpp/node.hpp:434:3:[m[K [01;36m[Knote: [m[K  template argument deduction/substitution failed:
[28.307s] [01m[K/home/rasp/Ê°åÈù¢/smart-cane/src/ydlidar_ros2_driver-master/src/ydlidar_ros2_driver_node.cpp:135:26:[m[K [01;36m[Knote: [m[K  couldn‚Äôt deduce template parameter ‚Äò[01m[KParameterT[m[K‚Äô
[28.308s]   135 |   [01;36m[Knode->declare_parameter("range_max")[m[K;
[28.309s]       |   [01;36m[K~~~~~~~~~~~~~~~~~~~~~~~^~~~~~~~~~~~~[m[K
[28.309s] In file included from [01m[K/opt/ros/humble/include/rclcpp/rclcpp/executors/single_threaded_executor.hpp:28[m[K,
[28.310s]                  from [01m[K/opt/ros/humble/include/rclcpp/rclcpp/executors.hpp:22[m[K,
[28.311s]                  from [01m[K/opt/ros/humble/include/rclcpp/rclcpp/rclcpp.hpp:155[m[K,
[28.312s]                  from [01m[K/home/rasp/Ê°åÈù¢/smart-cane/src/ydlidar_ros2_driver-master/src/ydlidar_ros2_driver_node.cpp:23[m[K:
[28.313s] [01m[K/opt/ros/humble/include/rclcpp/rclcpp/node.hpp:366:3:[m[K [01;36m[Knote: [m[Kcandidate: ‚Äò[01m[Kconst rclcpp::ParameterValue& rclcpp::Node::declare_parameter(const string&, const rclcpp::ParameterValue&, const ParameterDescriptor&, bool)[m[K‚Äô
[28.315s]   366 |   [01;36m[Kdeclare_parameter[m[K(
[28.316s]       |   [01;36m[K^~~~~~~~~~~~~~~~~[m[K
[28.317s] [01m[K/opt/ros/humble/include/rclcpp/rclcpp/node.hpp:366:3:[m[K [01;36m[Knote: [m[K  candidate expects 4 arguments, 1 provided
[28.318s] [01m[K/opt/ros/humble/include/rclcpp/rclcpp/node.hpp:391:3:[m[K [01;36m[Knote: [m[Kcandidate: ‚Äò[01m[Kconst rclcpp::ParameterValue& rclcpp::Node::declare_parameter(const string&, rclcpp::ParameterType, const ParameterDescriptor&, bool)[m[K‚Äô
[28.319s]   391 |   [01;36m[Kdeclare_parameter[m[K(
[28.320s]       |   [01;36m[K^~~~~~~~~~~~~~~~~[m[K
[28.321s] [01m[K/opt/ros/humble/include/rclcpp/rclcpp/node.hpp:391:3:[m[K [01;36m[Knote: [m[K  candidate expects 4 arguments, 1 provided
[28.323s] [01m[K/home/rasp/Ê°åÈù¢/smart-cane/src/ydlidar_ros2_driver-master/src/ydlidar_ros2_driver_node.cpp:139:26:[m[K [01;31m[Kerror: [m[Kno matching function for call to ‚Äò[01m[Krclcpp::Node::declare_parameter(const char [10])[m[K‚Äô
[28.325s]   139 |   [01;31m[Knode->declare_parameter("range_min")[m[K;
[28.326s]       |   [01;31m[K~~~~~~~~~~~~~~~~~~~~~~~^~~~~~~~~~~~~[m[K
[28.327s] In file included from [01m[K/opt/ros/humble/include/rclcpp/rclcpp/executors/single_threaded_executor.hpp:28[m[K,
[28.328s]                  from [01m[K/opt/ros/humble/include/rclcpp/rclcpp/executors.hpp:22[m[K,
[28.328s]                  from [01m[K/opt/ros/humble/include/rclcpp/rclcpp/rclcpp.hpp:155[m[K,
[28.329s]                  from [01m[K/home/rasp/Ê°åÈù¢/smart-cane/src/ydlidar_ros2_driver-master/src/ydlidar_ros2_driver_node.cpp:23[m[K:
[28.330s] [01m[K/opt/ros/humble/include/rclcpp/rclcpp/node.hpp:421:3:[m[K [01;36m[Knote: [m[Kcandidate: ‚Äò[01m[Ktemplate<class ParameterT> auto rclcpp::Node::declare_parameter(const string&, const ParameterT&, const ParameterDescriptor&, bool)[m[K‚Äô
[28.330s]   421 |   [01;36m[Kdeclare_parameter[m[K(
[28.332s]       |   [01;36m[K^~~~~~~~~~~~~~~~~[m[K
[28.332s] [01m[K/opt/ros/humble/include/rclcpp/rclcpp/node.hpp:421:3:[m[K [01;36m[Knote: [m[K  template argument deduction/substitution failed:
[28.333s] [01m[K/home/rasp/Ê°åÈù¢/smart-cane/src/ydlidar_ros2_driver-master/src/ydlidar_ros2_driver_node.cpp:139:26:[m[K [01;36m[Knote: [m[K  candidate expects 4 arguments, 1 provided
[28.334s]   139 |   [01;36m[Knode->declare_parameter("range_min")[m[K;
[28.335s]       |   [01;36m[K~~~~~~~~~~~~~~~~~~~~~~~^~~~~~~~~~~~~[m[K
[28.339s] In file included from [01m[K/opt/ros/humble/include/rclcpp/rclcpp/executors/single_threaded_executor.hpp:28[m[K,
[28.340s]                  from [01m[K/opt/ros/humble/include/rclcpp/rclcpp/executors.hpp:22[m[K,
[28.341s]                  from [01m[K/opt/ros/humble/include/rclcpp/rclcpp/rclcpp.hpp:155[m[K,
[28.344s]                  from [01m[K/home/rasp/Ê°åÈù¢/smart-cane/src/ydlidar_ros2_driver-master/src/ydlidar_ros2_driver_node.cpp:23[m[K:
[28.346s] [01m[K/opt/ros/humble/include/rclcpp/rclcpp/node.hpp:434:3:[m[K [01;36m[Knote: [m[Kcandidate: ‚Äò[01m[Ktemplate<class ParameterT> auto rclcpp::Node::declare_parameter(const string&, const ParameterDescriptor&, bool)[m[K‚Äô
[28.348s]   434 |   [01;36m[Kdeclare_parameter[m[K(
[28.349s]       |   [01;36m[K^~~~~~~~~~~~~~~~~[m[K
[28.349s] [01m[K/opt/ros/humble/include/rclcpp/rclcpp/node.hpp:434:3:[m[K [01;36m[Knote: [m[K  template argument deduction/substitution failed:
[28.350s] [01m[K/home/rasp/Ê°åÈù¢/smart-cane/src/ydlidar_ros2_driver-master/src/ydlidar_ros2_driver_node.cpp:139:26:[m[K [01;36m[Knote: [m[K  couldn‚Äôt deduce template parameter ‚Äò[01m[KParameterT[m[K‚Äô
[28.351s]   139 |   [01;36m[Knode->declare_parameter("range_min")[m[K;
[28.352s]       |   [01;36m[K~~~~~~~~~~~~~~~~~~~~~~~^~~~~~~~~~~~~[m[K
[28.353s] In file included from [01m[K/opt/ros/humble/include/rclcpp/rclcpp/executors/single_threaded_executor.hpp:28[m[K,
[28.354s]                  from [01m[K/opt/ros/humble/include/rclcpp/rclcpp/executors.hpp:22[m[K,
[28.355s]                  from [01m[K/opt/ros/humble/include/rclcpp/rclcpp/rclcpp.hpp:155[m[K,
[28.357s]                  from [01m[K/home/rasp/Ê°åÈù¢/smart-cane/src/ydlidar_ros2_driver-master/src/ydlidar_ros2_driver_node.cpp:23[m[K:
[28.358s] [01m[K/opt/ros/humble/include/rclcpp/rclcpp/node.hpp:366:3:[m[K [01;36m[Knote: [m[Kcandidate: ‚Äò[01m[Kconst rclcpp::ParameterValue& rclcpp::Node::declare_parameter(const string&, const rclcpp::ParameterValue&, const ParameterDescriptor&, bool)[m[K‚Äô
[28.359s]   366 |   [01;36m[Kdeclare_parameter[m[K(
[28.361s]       |   [01;36m[K^~~~~~~~~~~~~~~~~[m[K
[28.362s] [01m[K/opt/ros/humble/include/rclcpp/rclcpp/node.hpp:366:3:[m[K [01;36m[Knote: [m[K  candidate expects 4 arguments, 1 provided
[28.363s] [01m[K/opt/ros/humble/include/rclcpp/rclcpp/node.hpp:391:3:[m[K [01;36m[Knote: [m[Kcandidate: ‚Äò[01m[Kconst rclcpp::ParameterValue& rclcpp::Node::declare_parameter(const string&, rclcpp::ParameterType, const ParameterDescriptor&, bool)[m[K‚Äô
[28.364s]   391 |   [01;36m[Kdeclare_parameter[m[K(
[28.365s]       |   [01;36m[K^~~~~~~~~~~~~~~~~[m[K
[28.366s] [01m[K/opt/ros/humble/include/rclcpp/rclcpp/node.hpp:391:3:[m[K [01;36m[Knote: [m[K  candidate expects 4 arguments, 1 provided
[28.366s] [01m[K/home/rasp/Ê°åÈù¢/smart-cane/src/ydlidar_ros2_driver-master/src/ydlidar_ros2_driver_node.cpp:144:26:[m[K [01;31m[Kerror: [m[Kno matching function for call to ‚Äò[01m[Krclcpp::Node::declare_parameter(const char [10])[m[K‚Äô
[28.367s]   144 |   [01;31m[Knode->declare_parameter("frequency")[m[K;
[28.368s]       |   [01;31m[K~~~~~~~~~~~~~~~~~~~~~~~^~~~~~~~~~~~~[m[K
[28.369s] In file included from [01m[K/opt/ros/humble/include/rclcpp/rclcpp/executors/single_threaded_executor.hpp:28[m[K,
[28.370s]                  from [01m[K/opt/ros/humble/include/rclcpp/rclcpp/executors.hpp:22[m[K,
[28.371s]                  from [01m[K/opt/ros/humble/include/rclcpp/rclcpp/rclcpp.hpp:155[m[K,
[28.372s]                  from [01m[K/home/rasp/Ê°åÈù¢/smart-cane/src/ydlidar_ros2_driver-master/src/ydlidar_ros2_driver_node.cpp:23[m[K:
[28.373s] [01m[K/opt/ros/humble/include/rclcpp/rclcpp/node.hpp:421:3:[m[K [01;36m[Knote: [m[Kcandidate: ‚Äò[01m[Ktemplate<class ParameterT> auto rclcpp::Node::declare_parameter(const string&, const ParameterT&, const ParameterDescriptor&, bool)[m[K‚Äô
[28.375s]   421 |   [01;36m[Kdeclare_parameter[m[K(
[28.376s]       |   [01;36m[K^~~~~~~~~~~~~~~~~[m[K
[28.377s] [01m[K/opt/ros/humble/include/rclcpp/rclcpp/node.hpp:421:3:[m[K [01;36m[Knote: [m[K  template argument deduction/substitution failed:
[28.379s] [01m[K/home/rasp/Ê°åÈù¢/smart-cane/src/ydlidar_ros2_driver-master/src/ydlidar_ros2_driver_node.cpp:144:26:[m[K [01;36m[Knote: [m[K  candidate expects 4 arguments, 1 provided
[28.381s]   144 |   [01;36m[Knode->declare_parameter("frequency")[m[K;
[28.382s]       |   [01;36m[K~~~~~~~~~~~~~~~~~~~~~~~^~~~~~~~~~~~~[m[K
[28.383s] In file included from [01m[K/opt/ros/humble/include/rclcpp/rclcpp/executors/single_threaded_executor.hpp:28[m[K,
[28.385s]                  from [01m[K/opt/ros/humble/include/rclcpp/rclcpp/executors.hpp:22[m[K,
[28.386s]                  from [01m[K/opt/ros/humble/include/rclcpp/rclcpp/rclcpp.hpp:155[m[K,
[28.387s]                  from [01m[K/home/rasp/Ê°åÈù¢/smart-cane/src/ydlidar_ros2_driver-master/src/ydlidar_ros2_driver_node.cpp:23[m[K:
[28.388s] [01m[K/opt/ros/humble/include/rclcpp/rclcpp/node.hpp:434:3:[m[K [01;36m[Knote: [m[Kcandidate: ‚Äò[01m[Ktemplate<class ParameterT> auto rclcpp::Node::declare_parameter(const string&, const ParameterDescriptor&, bool)[m[K‚Äô
[28.389s]   434 |   [01;36m[Kdeclare_parameter[m[K(
[28.391s]       |   [01;36m[K^~~~~~~~~~~~~~~~~[m[K
[28.392s] [01m[K/opt/ros/humble/include/rclcpp/rclcpp/node.hpp:434:3:[m[K [01;36m[Knote: [m[K  template argument deduction/substitution failed:
[28.392s] [01m[K/home/rasp/Ê°åÈù¢/smart-cane/src/ydlidar_ros2_driver-master/src/ydlidar_ros2_driver_node.cpp:144:26:[m[K [01;36m[Knote: [m[K  couldn‚Äôt deduce template parameter ‚Äò[01m[KParameterT[m[K‚Äô
[28.393s]   144 |   [01;36m[Knode->declare_parameter("frequency")[m[K;
[28.393s]       |   [01;36m[K~~~~~~~~~~~~~~~~~~~~~~~^~~~~~~~~~~~~[m[K
[28.394s] In file included from [01m[K/opt/ros/humble/include/rclcpp/rclcpp/executors/single_threaded_executor.hpp:28[m[K,
[28.394s]                  from [01m[K/opt/ros/humble/include/rclcpp/rclcpp/executors.hpp:22[m[K,
[28.395s]                  from [01m[K/opt/ros/humble/include/rclcpp/rclcpp/rclcpp.hpp:155[m[K,
[28.396s]                  from [01m[K/home/rasp/Ê°åÈù¢/smart-cane/src/ydlidar_ros2_driver-master/src/ydlidar_ros2_driver_node.cpp:23[m[K:
[28.397s] [01m[K/opt/ros/humble/include/rclcpp/rclcpp/node.hpp:366:3:[m[K [01;36m[Knote: [m[Kcandidate: ‚Äò[01m[Kconst rclcpp::ParameterValue& rclcpp::Node::declare_parameter(const string&, const rclcpp::ParameterValue&, const ParameterDescriptor&, bool)[m[K‚Äô
[28.398s]   366 |   [01;36m[Kdeclare_parameter[m[K(
[28.400s]       |   [01;36m[K^~~~~~~~~~~~~~~~~[m[K
[28.401s] [01m[K/opt/ros/humble/include/rclcpp/rclcpp/node.hpp:366:3:[m[K [01;36m[Knote: [m[K  candidate expects 4 arguments, 1 provided
[28.402s] [01m[K/opt/ros/humble/include/rclcpp/rclcpp/node.hpp:391:3:[m[K [01;36m[Knote: [m[Kcandidate: ‚Äò[01m[Kconst rclcpp::ParameterValue& rclcpp::Node::declare_parameter(const string&, rclcpp::ParameterType, const ParameterDescriptor&, bool)[m[K‚Äô
[28.403s]   391 |   [01;36m[Kdeclare_parameter[m[K(
[28.403s]       |   [01;36m[K^~~~~~~~~~~~~~~~~[m[K
[28.404s] [01m[K/opt/ros/humble/include/rclcpp/rclcpp/node.hpp:391:3:[m[K [01;36m[Knote: [m[K  candidate expects 4 arguments, 1 provided
[28.405s] [01m[K/home/rasp/Ê°åÈù¢/smart-cane/src/ydlidar_ros2_driver-master/src/ydlidar_ros2_driver_node.cpp:149:26:[m[K [01;31m[Kerror: [m[Kno matching function for call to ‚Äò[01m[Krclcpp::Node::declare_parameter(const char [21])[m[K‚Äô
[28.406s]   149 |   [01;31m[Knode->declare_parameter("invalid_range_is_inf")[m[K;
[28.407s]       |   [01;31m[K~~~~~~~~~~~~~~~~~~~~~~~^~~~~~~~~~~~~~~~~~~~~~~~[m[K
[28.408s] In file included from [01m[K/opt/ros/humble/include/rclcpp/rclcpp/executors/single_threaded_executor.hpp:28[m[K,
[28.409s]                  from [01m[K/opt/ros/humble/include/rclcpp/rclcpp/executors.hpp:22[m[K,
[28.411s]                  from [01m[K/opt/ros/humble/include/rclcpp/rclcpp/rclcpp.hpp:155[m[K,
[28.413s]                  from [01m[K/home/rasp/Ê°åÈù¢/smart-cane/src/ydlidar_ros2_driver-master/src/ydlidar_ros2_driver_node.cpp:23[m[K:
[28.416s] [01m[K/opt/ros/humble/include/rclcpp/rclcpp/node.hpp:421:3:[m[K [01;36m[Knote: [m[Kcandidate: ‚Äò[01m[Ktemplate<class ParameterT> auto rclcpp::Node::declare_parameter(const string&, const ParameterT&, const ParameterDescriptor&, bool)[m[K‚Äô
[28.418s]   421 |   [01;36m[Kdeclare_parameter[m[K(
[28.420s]       |   [01;36m[K^~~~~~~~~~~~~~~~~[m[K
[28.421s] [01m[K/opt/ros/humble/include/rclcpp/rclcpp/node.hpp:421:3:[m[K [01;36m[Knote: [m[K  template argument deduction/substitution failed:
[28.422s] [01m[K/home/rasp/Ê°åÈù¢/smart-cane/src/ydlidar_ros2_driver-master/src/ydlidar_ros2_driver_node.cpp:149:26:[m[K [01;36m[Knote: [m[K  candidate expects 4 arguments, 1 provided
[28.423s]   149 |   [01;36m[Knode->declare_parameter("invalid_range_is_inf")[m[K;
[28.424s]       |   [01;36m[K~~~~~~~~~~~~~~~~~~~~~~~^~~~~~~~~~~~~~~~~~~~~~~~[m[K
[28.426s] In file included from [01m[K/opt/ros/humble/include/rclcpp/rclcpp/executors/single_threaded_executor.hpp:28[m[K,
[28.427s]                  from [01m[K/opt/ros/humble/include/rclcpp/rclcpp/executors.hpp:22[m[K,
[28.428s]                  from [01m[K/opt/ros/humble/include/rclcpp/rclcpp/rclcpp.hpp:155[m[K,
[28.429s]                  from [01m[K/home/rasp/Ê°åÈù¢/smart-cane/src/ydlidar_ros2_driver-master/src/ydlidar_ros2_driver_node.cpp:23[m[K:
[28.430s] [01m[K/opt/ros/humble/include/rclcpp/rclcpp/node.hpp:434:3:[m[K [01;36m[Knote: [m[Kcandidate: ‚Äò[01m[Ktemplate<class ParameterT> auto rclcpp::Node::declare_parameter(const string&, const ParameterDescriptor&, bool)[m[K‚Äô
[28.432s]   434 |   [01;36m[Kdeclare_parameter[m[K(
[28.433s]       |   [01;36m[K^~~~~~~~~~~~~~~~~[m[K
[28.434s] [01m[K/opt/ros/humble/include/rclcpp/rclcpp/node.hpp:434:3:[m[K [01;36m[Knote: [m[K  template argument deduction/substitution failed:
[28.435s] [01m[K/home/rasp/Ê°åÈù¢/smart-cane/src/ydlidar_ros2_driver-master/src/ydlidar_ros2_driver_node.cpp:149:26:[m[K [01;36m[Knote: [m[K  couldn‚Äôt deduce template parameter ‚Äò[01m[KParameterT[m[K‚Äô
[28.436s]   149 |   [01;36m[Knode->declare_parameter("invalid_range_is_inf")[m[K;
[28.437s]       |   [01;36m[K~~~~~~~~~~~~~~~~~~~~~~~^~~~~~~~~~~~~~~~~~~~~~~~[m[K
[28.438s] In file included from [01m[K/opt/ros/humble/include/rclcpp/rclcpp/executors/single_threaded_executor.hpp:28[m[K,
[28.439s]                  from [01m[K/opt/ros/humble/include/rclcpp/rclcpp/executors.hpp:22[m[K,
[28.439s]                  from [01m[K/opt/ros/humble/include/rclcpp/rclcpp/rclcpp.hpp:155[m[K,
[28.440s]                  from [01m[K/home/rasp/Ê°åÈù¢/smart-cane/src/ydlidar_ros2_driver-master/src/ydlidar_ros2_driver_node.cpp:23[m[K:
[28.441s] [01m[K/opt/ros/humble/include/rclcpp/rclcpp/node.hpp:366:3:[m[K [01;36m[Knote: [m[Kcandidate: ‚Äò[01m[Kconst rclcpp::ParameterValue& rclcpp::Node::declare_parameter(const string&, const rclcpp::ParameterValue&, const ParameterDescriptor&, bool)[m[K‚Äô
[28.443s]   366 |   [01;36m[Kdeclare_parameter[m[K(
[28.444s]       |   [01;36m[K^~~~~~~~~~~~~~~~~[m[K
[28.445s] [01m[K/opt/ros/humble/include/rclcpp/rclcpp/node.hpp:366:3:[m[K [01;36m[Knote: [m[K  candidate expects 4 arguments, 1 provided
[28.446s] [01m[K/opt/ros/humble/include/rclcpp/rclcpp/node.hpp:391:3:[m[K [01;36m[Knote: [m[Kcandidate: ‚Äò[01m[Kconst rclcpp::ParameterValue& rclcpp::Node::declare_parameter(const string&, rclcpp::ParameterType, const ParameterDescriptor&, bool)[m[K‚Äô
[28.447s]   391 |   [01;36m[Kdeclare_parameter[m[K(
[28.448s]       |   [01;36m[K^~~~~~~~~~~~~~~~~[m[K
[28.449s] [01m[K/opt/ros/humble/include/rclcpp/rclcpp/node.hpp:391:3:[m[K [01;36m[Knote: [m[K  candidate expects 4 arguments, 1 provided
[28.450s] [01m[K/home/rasp/Ê°åÈù¢/smart-cane/src/ydlidar_ros2_driver-master/src/ydlidar_ros2_driver_node.cpp:[m[K In lambda function:
[28.451s] [01m[K/home/rasp/Ê°åÈù¢/smart-cane/src/ydlidar_ros2_driver-master/src/ydlidar_ros2_driver_node.cpp:163:54:[m[K [01;35m[Kwarning: [m[Kunused parameter ‚Äò[01m[Krequest_header[m[K‚Äô [[01;35m[K]8;;https://gcc.gnu.org/onlinedocs/gcc/Warning-Options.html#index-Wunused-parameter-Wunused-parameter]8;;[m[K]
[28.452s]   163 |     [&laser]([01;35m[Kconst std::shared_ptr<rmw_request_id_t> request_header[m[K,
[28.453s]       |              [01;35m[K~~~~~~~~~~~~~~~~~~~~~~~~~~~~~~~~~~~~~~~~^~~~~~~~~~~~~~[m[K
[28.453s] [01m[K/home/rasp/Ê°åÈù¢/smart-cane/src/ydlidar_ros2_driver-master/src/ydlidar_ros2_driver_node.cpp:164:56:[m[K [01;35m[Kwarning: [m[Kunused parameter ‚Äò[01m[Kreq[m[K‚Äô [[01;35m[K]8;;https://gcc.gnu.org/onlinedocs/gcc/Warning-Options.html#index-Wunused-parameter-Wunused-parameter]8;;[m[K]
[28.454s]   164 |   [01;35m[Kconst std::shared_ptr<std_srvs::srv::Empty::Request> req[m[K,
[28.454s]       |   [01;35m[K~~~~~~~~~~~~~~~~~~~~~~~~~~~~~~~~~~~~~~~~~~~~~~~~~~~~~^~~[m[K
[28.455s] [01m[K/home/rasp/Ê°åÈù¢/smart-cane/src/ydlidar_ros2_driver-master/src/ydlidar_ros2_driver_node.cpp:165:51:[m[K [01;35m[Kwarning: [m[Kunused parameter ‚Äò[01m[Kresponse[m[K‚Äô [[01;35m[K]8;;https://gcc.gnu.org/onlinedocs/gcc/Warning-Options.html#index-Wunused-parameter-Wunused-parameter]8;;[m[K]
[28.465s]   165 |   [01;35m[Kstd::shared_ptr<std_srvs::srv::Empty::Response> response[m[K) -> bool
[28.468s]       |   [01;35m[K~~~~~~~~~~~~~~~~~~~~~~~~~~~~~~~~~~~~~~~~~~~~~~~~^~~~~~~~[m[K
[28.469s] [01m[K/home/rasp/Ê°åÈù¢/smart-cane/src/ydlidar_ros2_driver-master/src/ydlidar_ros2_driver_node.cpp:[m[K In lambda function:
[28.470s] [01m[K/home/rasp/Ê°åÈù¢/smart-cane/src/ydlidar_ros2_driver-master/src/ydlidar_ros2_driver_node.cpp:173:54:[m[K [01;35m[Kwarning: [m[Kunused parameter ‚Äò[01m[Krequest_header[m[K‚Äô [[01;35m[K]8;;https://gcc.gnu.org/onlinedocs/gcc/Warning-Options.html#index-Wunused-parameter-Wunused-parameter]8;;[m[K]
[28.470s]   173 |     [&laser]([01;35m[Kconst std::shared_ptr<rmw_request_id_t> request_header[m[K,
[28.471s]       |              [01;35m[K~~~~~~~~~~~~~~~~~~~~~~~~~~~~~~~~~~~~~~~~^~~~~~~~~~~~~~[m[K
[28.472s] [01m[K/home/rasp/Ê°åÈù¢/smart-cane/src/ydlidar_ros2_driver-master/src/ydlidar_ros2_driver_node.cpp:174:56:[m[K [01;35m[Kwarning: [m[Kunused parameter ‚Äò[01m[Kreq[m[K‚Äô [[01;35m[K]8;;https://gcc.gnu.org/onlinedocs/gcc/Warning-Options.html#index-Wunused-parameter-Wunused-parameter]8;;[m[K]
[28.482s]   174 |   [01;35m[Kconst std::shared_ptr<std_srvs::srv::Empty::Request> req[m[K,
[28.485s]       |   [01;35m[K~~~~~~~~~~~~~~~~~~~~~~~~~~~~~~~~~~~~~~~~~~~~~~~~~~~~~^~~[m[K
[28.486s] [01m[K/home/rasp/Ê°åÈù¢/smart-cane/src/ydlidar_ros2_driver-master/src/ydlidar_ros2_driver_node.cpp:175:51:[m[K [01;35m[Kwarning: [m[Kunused parameter ‚Äò[01m[Kresponse[m[K‚Äô [[01;35m[K]8;;https://gcc.gnu.org/onlinedocs/gcc/Warning-Options.html#index-Wunused-parameter-Wunused-parameter]8;;[m[K]
[28.487s]   175 |   [01;35m[Kstd::shared_ptr<std_srvs::srv::Empty::Response> response[m[K) -> bool
[28.488s]       |   [01;35m[K~~~~~~~~~~~~~~~~~~~~~~~~~~~~~~~~~~~~~~~~~~~~~~~~^~~~~~~~[m[K
[39.191s] gmake[2]: *** [CMakeFiles/ydlidar_ros2_driver_node.dir/build.make:76ÔºöCMakeFiles/ydlidar_ros2_driver_node.dir/src/ydlidar_ros2_driver_node.cpp.o] ÈîôËØØ 1
[39.191s] gmake[1]: *** [CMakeFiles/Makefile2:139ÔºöCMakeFiles/ydlidar_ros2_driver_node.dir/all] ÈîôËØØ 2
[39.193s] gmake: *** [Makefile:146Ôºöall] ÈîôËØØ 2
[39.200s] Invoked command in '/home/rasp/Ê°åÈù¢/smart-cane/build/ydlidar_ros2_driver' returned '2': CMAKE_PREFIX_PATH=${CMAKE_PREFIX_PATH}:/home/rasp/Ê°åÈù¢/smart-cane/install/pkg_helloworld_py:/opt/ros/humble /usr/bin/cmake --build /home/rasp/Ê°åÈù¢/smart-cane/build/ydlidar_ros2_driver -- -j4 -l4
